2025-06-04 14:36:59,391 - INFO - Starting download for 284 players...
2025-06-04 14:36:59,391 - INFO - Output directory: C:\study\DataVis\tennis-scrollytelling\images\players
2025-06-04 14:36:59,391 - INFO - 
--- Processing 1/284 ---
2025-06-04 14:36:59,391 - INFO - Processing Jan Kodes (ID: 100113, Wikidata: Q317431)
2025-06-04 14:37:00,638 - INFO - Successfully downloaded: jan-kodes.jpg
2025-06-04 14:37:00,638 - INFO - [SUCCESS] Downloaded Jan Kodes -> jan-kodes.jpg
2025-06-04 14:37:01,638 - INFO - 
--- Processing 2/284 ---
2025-06-04 14:37:01,638 - INFO - Processing Felix Mantilla (ID: 102456, Wikidata: Q449730)
2025-06-04 14:37:02,765 - INFO - Successfully downloaded: felix-mantilla.jpg
2025-06-04 14:37:02,765 - INFO - [SUCCESS] Downloaded Felix Mantilla -> felix-mantilla.jpg
2025-06-04 14:37:03,767 - INFO - 
--- Processing 3/284 ---
2025-06-04 14:37:03,767 - INFO - Processing Karen Khachanov (ID: 111575, Wikidata: Q16568576)
2025-06-04 14:37:07,423 - INFO - Successfully downloaded: karen-khachanov.jpg
2025-06-04 14:37:07,423 - INFO - [SUCCESS] Downloaded Karen Khachanov -> karen-khachanov.jpg
2025-06-04 14:37:08,424 - INFO - 
--- Processing 4/284 ---
2025-06-04 14:37:08,424 - INFO - Processing Vijay Amritraj (ID: 100321, Wikidata: Q468309)
2025-06-04 14:37:09,660 - INFO - Successfully downloaded: vijay-amritraj.jpg
2025-06-04 14:37:09,660 - INFO - [SUCCESS] Downloaded Vijay Amritraj -> vijay-amritraj.jpg
2025-06-04 14:37:10,662 - INFO - 
--- Processing 5/284 ---
2025-06-04 14:37:10,662 - INFO - Processing Agustin Calleri (ID: 102860, Wikidata: Q280765)
2025-06-04 14:37:11,182 - INFO - Successfully downloaded: agustin-calleri.jpg
2025-06-04 14:37:11,182 - INFO - [SUCCESS] Downloaded Agustin Calleri -> agustin-calleri.jpg
2025-06-04 14:37:12,183 - INFO - 
--- Processing 6/284 ---
2025-06-04 14:37:12,183 - INFO - Processing Gaston Gaudio (ID: 103292, Wikidata: Q299960)
2025-06-04 14:37:12,725 - INFO - Successfully downloaded: gaston-gaudio.jpg
2025-06-04 14:37:12,725 - INFO - [SUCCESS] Downloaded Gaston Gaudio -> gaston-gaudio.jpg
2025-06-04 14:37:13,726 - INFO - 
--- Processing 7/284 ---
2025-06-04 14:37:13,726 - INFO - Processing David Goffin (ID: 105676, Wikidata: Q19406)
2025-06-04 14:37:15,792 - INFO - Successfully downloaded: david-goffin.jpg
2025-06-04 14:37:15,792 - INFO - [SUCCESS] Downloaded David Goffin -> david-goffin.jpg
2025-06-04 14:37:16,793 - INFO - 
--- Processing 8/284 ---
2025-06-04 14:37:16,793 - INFO - Processing Peter Fleming (ID: 100362, Wikidata: Q729789)
2025-06-04 14:37:21,453 - INFO - Successfully downloaded: peter-fleming.jpg
2025-06-04 14:37:21,453 - INFO - [SUCCESS] Downloaded Peter Fleming -> peter-fleming.jpg
2025-06-04 14:37:22,455 - INFO - 
--- Processing 9/284 ---
2025-06-04 14:37:22,455 - INFO - Processing Lleyton Hewitt (ID: 103720, Wikidata: Q180104)
2025-06-04 14:37:23,748 - INFO - Successfully downloaded: lleyton-hewitt.jpg
2025-06-04 14:37:23,750 - INFO - [SUCCESS] Downloaded Lleyton Hewitt -> lleyton-hewitt.jpg
2025-06-04 14:37:24,750 - INFO - 
--- Processing 10/284 ---
2025-06-04 14:37:24,751 - INFO - Processing Kevin Anderson (ID: 104731, Wikidata: Q299956)
2025-06-04 14:37:28,431 - INFO - Successfully downloaded: kevin-anderson.jpg
2025-06-04 14:37:28,431 - INFO - [SUCCESS] Downloaded Kevin Anderson -> kevin-anderson.jpg
2025-06-04 14:37:29,432 - INFO - 
--- Processing 11/284 ---
2025-06-04 14:37:29,432 - INFO - Processing Stan Smith (ID: 100126, Wikidata: Q54657)
2025-06-04 14:37:30,080 - INFO - Successfully downloaded: stan-smith.jpg
2025-06-04 14:37:30,080 - INFO - [SUCCESS] Downloaded Stan Smith -> stan-smith.jpg
2025-06-04 14:37:31,081 - INFO - 
--- Processing 12/284 ---
2025-06-04 14:37:31,081 - INFO - Processing Johan Kriek (ID: 100532, Wikidata: Q54530)
2025-06-04 14:37:31,794 - ERROR - Could not find image for Johan Kriek (Q54530)
2025-06-04 14:37:32,796 - INFO - 
--- Processing 13/284 ---
2025-06-04 14:37:32,796 - INFO - Processing Brian Teacher (ID: 100360, Wikidata: Q54683)
2025-06-04 14:37:33,409 - ERROR - Could not find image for Brian Teacher (Q54683)
2025-06-04 14:37:34,409 - INFO - 
--- Processing 14/284 ---
2025-06-04 14:37:34,409 - INFO - Processing Jannik Sinner (ID: 206173, Wikidata: Q54812588)
2025-06-04 14:37:35,444 - INFO - Successfully downloaded: jannik-sinner.jpg
2025-06-04 14:37:35,444 - INFO - [SUCCESS] Downloaded Jannik Sinner -> jannik-sinner.jpg
2025-06-04 14:37:36,445 - INFO - 
--- Processing 15/284 ---
2025-06-04 14:37:36,445 - INFO - Processing Xavier Malisse (ID: 103598, Wikidata: Q312620)
2025-06-04 14:37:38,092 - INFO - Successfully downloaded: xavier-malisse.jpg
2025-06-04 14:37:38,092 - INFO - [SUCCESS] Downloaded Xavier Malisse -> xavier-malisse.jpg
2025-06-04 14:37:39,093 - INFO - 
--- Processing 16/284 ---
2025-06-04 14:37:39,093 - INFO - Processing John Alexander (ID: 100244, Wikidata: Q1281683)
2025-06-04 14:37:39,607 - INFO - Successfully downloaded: john-alexander.jpg
2025-06-04 14:37:39,607 - INFO - [SUCCESS] Downloaded John Alexander -> john-alexander.jpg
2025-06-04 14:37:40,608 - INFO - 
--- Processing 17/284 ---
2025-06-04 14:37:40,608 - INFO - Processing Paolo Bertolucci (ID: 100249, Wikidata: Q484985)
2025-06-04 14:37:41,069 - INFO - Successfully downloaded: paolo-bertolucci.jpg
2025-06-04 14:37:41,069 - INFO - [SUCCESS] Downloaded Paolo Bertolucci -> paolo-bertolucci.jpg
2025-06-04 14:37:42,069 - INFO - 
--- Processing 18/284 ---
2025-06-04 14:37:42,069 - INFO - Processing Alberto Mancini (ID: 101606, Wikidata: Q1345408)
2025-06-04 14:37:42,671 - ERROR - Could not find image for Alberto Mancini (Q1345408)
2025-06-04 14:37:43,672 - INFO - 
--- Processing 19/284 ---
2025-06-04 14:37:43,672 - INFO - Processing Goran Prpic (ID: 101030, Wikidata: Q717271)
2025-06-04 14:37:44,364 - INFO - Successfully downloaded: goran-prpic.jpg
2025-06-04 14:37:44,364 - INFO - [SUCCESS] Downloaded Goran Prpic -> goran-prpic.jpg
2025-06-04 14:37:45,364 - INFO - 
--- Processing 20/284 ---
2025-06-04 14:37:45,364 - INFO - Processing Fabio Fognini (ID: 104926, Wikidata: Q251980)
2025-06-04 14:37:46,616 - INFO - Successfully downloaded: fabio-fognini.jpg
2025-06-04 14:37:46,616 - INFO - [SUCCESS] Downloaded Fabio Fognini -> fabio-fognini.jpg
2025-06-04 14:37:47,617 - INFO - 
--- Processing 21/284 ---
2025-06-04 14:37:47,617 - INFO - Processing Michael Chang (ID: 102021, Wikidata: Q53370)
2025-06-04 14:37:48,595 - INFO - Successfully downloaded: michael-chang.jpg
2025-06-04 14:37:48,595 - INFO - [SUCCESS] Downloaded Michael Chang -> michael-chang.jpg
2025-06-04 14:37:49,596 - INFO - 
--- Processing 22/284 ---
2025-06-04 14:37:49,596 - INFO - Processing Vitas Gerulaitis (ID: 100342, Wikidata: Q53547)
2025-06-04 14:37:51,287 - INFO - Successfully downloaded: vitas-gerulaitis.jpg
2025-06-04 14:37:51,287 - INFO - [SUCCESS] Downloaded Vitas Gerulaitis -> vitas-gerulaitis.jpg
2025-06-04 14:37:52,288 - INFO - 
--- Processing 23/284 ---
2025-06-04 14:37:52,288 - INFO - Processing Nicolas Kiefer (ID: 103017, Wikidata: Q76778)
2025-06-04 14:37:52,834 - INFO - Successfully downloaded: nicolas-kiefer.jpg
2025-06-04 14:37:52,834 - INFO - [SUCCESS] Downloaded Nicolas Kiefer -> nicolas-kiefer.jpg
2025-06-04 14:37:53,835 - INFO - 
--- Processing 24/284 ---
2025-06-04 14:37:53,836 - INFO - Processing Holger Rune (ID: 208029, Wikidata: None)
2025-06-04 14:37:54,182 - ERROR - Could not find image for Holger Rune (None)
2025-06-04 14:37:55,184 - INFO - 
--- Processing 25/284 ---
2025-06-04 14:37:55,184 - INFO - Processing Brad Gilbert (ID: 100763, Wikidata: Q715134)
2025-06-04 14:37:55,791 - INFO - Successfully downloaded: brad-gilbert.jpg
2025-06-04 14:37:55,791 - INFO - [SUCCESS] Downloaded Brad Gilbert -> brad-gilbert.jpg
2025-06-04 14:37:56,792 - INFO - 
--- Processing 26/284 ---
2025-06-04 14:37:56,792 - INFO - Processing Pete Sampras (ID: 101948, Wikidata: Q9446)
2025-06-04 14:37:58,024 - INFO - Successfully downloaded: pete-sampras.jpg
2025-06-04 14:37:58,024 - INFO - [SUCCESS] Downloaded Pete Sampras -> pete-sampras.jpg
2025-06-04 14:37:59,025 - INFO - 
--- Processing 27/284 ---
2025-06-04 14:37:59,025 - INFO - Processing Sam Querrey (ID: 105023, Wikidata: Q54538)
2025-06-04 14:38:01,467 - INFO - Successfully downloaded: sam-querrey.jpg
2025-06-04 14:38:01,467 - INFO - [SUCCESS] Downloaded Sam Querrey -> sam-querrey.jpg
2025-06-04 14:38:02,469 - INFO - 
--- Processing 28/284 ---
2025-06-04 14:38:02,469 - INFO - Processing Marcelo Rios (ID: 102701, Wikidata: Q272532)
2025-06-04 14:38:03,570 - INFO - Successfully downloaded: marcelo-rios.jpg
2025-06-04 14:38:03,570 - INFO - [SUCCESS] Downloaded Marcelo Rios -> marcelo-rios.jpg
2025-06-04 14:38:04,571 - INFO - 
--- Processing 29/284 ---
2025-06-04 14:38:04,571 - INFO - Processing Kelly Evernden (ID: 100772, Wikidata: Q400021)
2025-06-04 14:38:05,103 - INFO - Successfully downloaded: kelly-evernden.jpg
2025-06-04 14:38:05,103 - INFO - [SUCCESS] Downloaded Kelly Evernden -> kelly-evernden.jpg
2025-06-04 14:38:06,104 - INFO - 
--- Processing 30/284 ---
2025-06-04 14:38:06,104 - INFO - Processing Pablo Cuevas (ID: 104655, Wikidata: Q358651)
2025-06-04 14:38:09,421 - INFO - Successfully downloaded: pablo-cuevas.jpg
2025-06-04 14:38:09,421 - INFO - [SUCCESS] Downloaded Pablo Cuevas -> pablo-cuevas.jpg
2025-06-04 14:38:10,423 - INFO - 
--- Processing 31/284 ---
2025-06-04 14:38:10,423 - INFO - Processing Alexei Popyrin (ID: 200615, Wikidata: Q30143529)
2025-06-04 14:38:13,188 - INFO - Successfully downloaded: alexei-popyrin.jpg
2025-06-04 14:38:13,188 - INFO - [SUCCESS] Downloaded Alexei Popyrin -> alexei-popyrin.jpg
2025-06-04 14:38:14,189 - INFO - 
--- Processing 32/284 ---
2025-06-04 14:38:14,189 - INFO - Processing Karim Alami (ID: 102223, Wikidata: Q553368)
2025-06-04 14:38:14,730 - INFO - Successfully downloaded: karim-alami.jpg
2025-06-04 14:38:14,731 - INFO - [SUCCESS] Downloaded Karim Alami -> karim-alami.jpg
2025-06-04 14:38:15,732 - INFO - 
--- Processing 33/284 ---
2025-06-04 14:38:15,732 - INFO - Processing Nikolay Davydenko (ID: 103786, Wikidata: Q191736)
2025-06-04 14:38:16,312 - INFO - Successfully downloaded: nikolay-davydenko.jpg
2025-06-04 14:38:16,312 - INFO - [SUCCESS] Downloaded Nikolay Davydenko -> nikolay-davydenko.jpg
2025-06-04 14:38:17,313 - INFO - 
--- Processing 34/284 ---
2025-06-04 14:38:17,313 - INFO - Processing Mikael Pernfors (ID: 100944, Wikidata: Q635487)
2025-06-04 14:38:17,781 - INFO - Successfully downloaded: mikael-pernfors.jpg
2025-06-04 14:38:17,781 - INFO - [SUCCESS] Downloaded Mikael Pernfors -> mikael-pernfors.jpg
2025-06-04 14:38:18,782 - INFO - 
--- Processing 35/284 ---
2025-06-04 14:38:18,782 - INFO - Processing Goran Ivanisevic (ID: 101964, Wikidata: Q204279)
2025-06-04 14:38:21,673 - INFO - Successfully downloaded: goran-ivanisevic.jpg
2025-06-04 14:38:21,673 - INFO - [SUCCESS] Downloaded Goran Ivanisevic -> goran-ivanisevic.jpg
2025-06-04 14:38:22,674 - INFO - 
--- Processing 36/284 ---
2025-06-04 14:38:22,674 - INFO - Processing Kent Carlsson (ID: 101426, Wikidata: Q492681)
2025-06-04 14:38:23,879 - INFO - Successfully downloaded: kent-carlsson.jpg
2025-06-04 14:38:23,880 - INFO - [SUCCESS] Downloaded Kent Carlsson -> kent-carlsson.jpg
2025-06-04 14:38:24,881 - INFO - 
--- Processing 37/284 ---
2025-06-04 14:38:24,881 - INFO - Processing Mardy Fish (ID: 103888, Wikidata: Q53422)
2025-06-04 14:38:25,994 - INFO - Successfully downloaded: mardy-fish.jpg
2025-06-04 14:38:25,994 - INFO - [SUCCESS] Downloaded Mardy Fish -> mardy-fish.jpg
2025-06-04 14:38:26,994 - INFO - 
--- Processing 38/284 ---
2025-06-04 14:38:26,994 - INFO - Processing Alberto Berasategui (ID: 102238, Wikidata: Q450974)
2025-06-04 14:38:27,632 - ERROR - Could not find image for Alberto Berasategui (Q450974)
2025-06-04 14:38:28,633 - INFO - 
--- Processing 39/284 ---
2025-06-04 14:38:28,633 - INFO - Processing Paradorn Srichaphan (ID: 103387, Wikidata: Q140253)
2025-06-04 14:38:29,125 - INFO - Successfully downloaded: paradorn-srichaphan.jpg
2025-06-04 14:38:29,125 - INFO - [SUCCESS] Downloaded Paradorn Srichaphan -> paradorn-srichaphan.jpg
2025-06-04 14:38:30,126 - INFO - 
--- Processing 40/284 ---
2025-06-04 14:38:30,126 - INFO - Processing Marin Cilic (ID: 105227, Wikidata: Q245241)
2025-06-04 14:38:31,921 - INFO - Successfully downloaded: marin-cilic.jpg
2025-06-04 14:38:31,922 - INFO - [SUCCESS] Downloaded Marin Cilic -> marin-cilic.jpg
2025-06-04 14:38:32,922 - INFO - 
--- Processing 41/284 ---
2025-06-04 14:38:32,922 - INFO - Processing Jiri Vesely (ID: 106210, Wikidata: Q2481933)
2025-06-04 14:38:34,051 - INFO - Successfully downloaded: jiri-vesely.jpg
2025-06-04 14:38:34,051 - INFO - [SUCCESS] Downloaded Jiri Vesely -> jiri-vesely.jpg
2025-06-04 14:38:35,052 - INFO - 
--- Processing 42/284 ---
2025-06-04 14:38:35,052 - INFO - Processing Santiago Ventura (ID: 103490, Wikidata: Q367978)
2025-06-04 14:38:36,459 - INFO - Successfully downloaded: santiago-ventura.jpg
2025-06-04 14:38:36,459 - INFO - [SUCCESS] Downloaded Santiago Ventura -> santiago-ventura.jpg
2025-06-04 14:38:37,459 - INFO - 
--- Processing 43/284 ---
2025-06-04 14:38:37,459 - INFO - Processing Ilie Nastase (ID: 100119, Wikidata: Q106113)
2025-06-04 14:38:38,013 - INFO - Successfully downloaded: ilie-nastase.jpg
2025-06-04 14:38:38,013 - INFO - [SUCCESS] Downloaded Ilie Nastase -> ilie-nastase.jpg
2025-06-04 14:38:39,013 - INFO - 
--- Processing 44/284 ---
2025-06-04 14:38:39,014 - INFO - Processing Guillermo Vilas (ID: 100282, Wikidata: Q201515)
2025-06-04 14:38:39,508 - INFO - Successfully downloaded: guillermo-vilas.jpg
2025-06-04 14:38:39,509 - INFO - [SUCCESS] Downloaded Guillermo Vilas -> guillermo-vilas.jpg
2025-06-04 14:38:40,509 - INFO - 
--- Processing 45/284 ---
2025-06-04 14:38:40,509 - INFO - Processing Thomas Enqvist (ID: 102358, Wikidata: Q335222)
2025-06-04 14:38:41,127 - INFO - Successfully downloaded: thomas-enqvist.jpg
2025-06-04 14:38:41,127 - INFO - [SUCCESS] Downloaded Thomas Enqvist -> thomas-enqvist.jpg
2025-06-04 14:38:42,128 - INFO - 
--- Processing 46/284 ---
2025-06-04 14:38:42,129 - INFO - Processing Mikhail Youzhny (ID: 104022, Wikidata: Q219970)
2025-06-04 14:38:43,242 - INFO - Successfully downloaded: mikhail-youzhny.jpg
2025-06-04 14:38:43,243 - INFO - [SUCCESS] Downloaded Mikhail Youzhny -> mikhail-youzhny.jpg
2025-06-04 14:38:44,243 - INFO - 
--- Processing 47/284 ---
2025-06-04 14:38:44,243 - INFO - Processing Milos Raonic (ID: 105683, Wikidata: Q312343)
2025-06-04 14:38:45,986 - INFO - Successfully downloaded: milos-raonic.jpg
2025-06-04 14:38:45,986 - INFO - [SUCCESS] Downloaded Milos Raonic -> milos-raonic.jpg
2025-06-04 14:38:46,987 - INFO - 
--- Processing 48/284 ---
2025-06-04 14:38:46,987 - INFO - Processing Richard Gasquet (ID: 104755, Wikidata: Q209436)
2025-06-04 14:38:47,793 - INFO - Successfully downloaded: richard-gasquet.jpg
2025-06-04 14:38:47,793 - INFO - [SUCCESS] Downloaded Richard Gasquet -> richard-gasquet.jpg
2025-06-04 14:38:48,794 - INFO - 
--- Processing 49/284 ---
2025-06-04 14:38:48,794 - INFO - Processing Gilles Simon (ID: 104468, Wikidata: Q212833)
2025-06-04 14:38:49,670 - INFO - Successfully downloaded: gilles-simon.jpg
2025-06-04 14:38:49,670 - INFO - [SUCCESS] Downloaded Gilles Simon -> gilles-simon.jpg
2025-06-04 14:38:50,670 - INFO - 
--- Processing 50/284 ---
2025-06-04 14:38:50,670 - INFO - Processing Magnus Larsson (ID: 101723, Wikidata: Q600738)
2025-06-04 14:38:51,278 - ERROR - Could not find image for Magnus Larsson (Q600738)
2025-06-04 14:38:52,280 - INFO - 
--- Processing 51/284 ---
2025-06-04 14:38:52,280 - INFO - Processing Bohdan Ulihrach (ID: 102539, Wikidata: Q718178)
2025-06-04 14:38:53,374 - INFO - Successfully downloaded: bohdan-ulihrach.jpg
2025-06-04 14:38:53,374 - INFO - [SUCCESS] Downloaded Bohdan Ulihrach -> bohdan-ulihrach.jpg
2025-06-04 14:38:54,375 - INFO - 
--- Processing 52/284 ---
2025-06-04 14:38:54,375 - INFO - Processing Marco Cecchinato (ID: 106065, Wikidata: Q13360044)
2025-06-04 14:38:56,157 - INFO - Successfully downloaded: marco-cecchinato.jpg
2025-06-04 14:38:56,157 - INFO - [SUCCESS] Downloaded Marco Cecchinato -> marco-cecchinato.jpg
2025-06-04 14:38:57,158 - INFO - 
--- Processing 53/284 ---
2025-06-04 14:38:57,158 - INFO - Processing Danny Saltz (ID: 100761, Wikidata: Q5220798)
2025-06-04 14:38:57,849 - ERROR - Could not find image for Danny Saltz (Q5220798)
2025-06-04 14:38:58,850 - INFO - 
--- Processing 54/284 ---
2025-06-04 14:38:58,850 - INFO - Processing Karol Kucera (ID: 102344, Wikidata: Q460621)
2025-06-04 14:38:59,468 - ERROR - Could not find image for Karol Kucera (Q460621)
2025-06-04 14:39:00,469 - INFO - 
--- Processing 55/284 ---
2025-06-04 14:39:00,469 - INFO - Processing Jo-Wilfried Tsonga (ID: 104542, Wikidata: Q192661)
2025-06-04 14:39:03,069 - INFO - Successfully downloaded: jo-wilfried-tsonga.jpg
2025-06-04 14:39:03,070 - INFO - [SUCCESS] Downloaded Jo-Wilfried Tsonga -> jo-wilfried-tsonga.jpg
2025-06-04 14:39:04,071 - INFO - 
--- Processing 56/284 ---
2025-06-04 14:39:04,071 - INFO - Processing Andrew Pattison (ID: 100173, Wikidata: Q716408)
2025-06-04 14:39:05,053 - ERROR - Could not find image for Andrew Pattison (Q716408)
2025-06-04 14:39:06,054 - INFO - 
--- Processing 57/284 ---
2025-06-04 14:39:06,054 - INFO - Processing Jay Berger (ID: 101309, Wikidata: Q723880)
2025-06-04 14:39:06,668 - ERROR - Could not find image for Jay Berger (Q723880)
2025-06-04 14:39:07,669 - INFO - 
--- Processing 58/284 ---
2025-06-04 14:39:07,669 - INFO - Processing Nicolas Massu (ID: 103454, Wikidata: Q295858)
2025-06-04 14:39:08,326 - INFO - Successfully downloaded: nicolas-massu.jpg
2025-06-04 14:39:08,326 - INFO - [SUCCESS] Downloaded Nicolas Massu -> nicolas-massu.jpg
2025-06-04 14:39:09,327 - INFO - 
--- Processing 59/284 ---
2025-06-04 14:39:09,327 - INFO - Processing Michael Stich (ID: 101529, Wikidata: Q60109)
2025-06-04 14:39:10,112 - INFO - Successfully downloaded: michael-stich.jpg
2025-06-04 14:39:10,112 - INFO - [SUCCESS] Downloaded Michael Stich -> michael-stich.jpg
2025-06-04 14:39:11,113 - INFO - 
--- Processing 60/284 ---
2025-06-04 14:39:11,113 - INFO - Processing Jurgen Melzer (ID: 103781, Wikidata: Q223549)
2025-06-04 14:39:11,714 - INFO - Successfully downloaded: jurgen-melzer.jpg
2025-06-04 14:39:11,714 - INFO - [SUCCESS] Downloaded Jurgen Melzer -> jurgen-melzer.jpg
2025-06-04 14:39:12,714 - INFO - 
--- Processing 61/284 ---
2025-06-04 14:39:12,714 - INFO - Processing Wojtek Fibak (ID: 100280, Wikidata: Q505565)
2025-06-04 14:39:13,977 - INFO - Successfully downloaded: wojtek-fibak.jpg
2025-06-04 14:39:13,977 - INFO - [SUCCESS] Downloaded Wojtek Fibak -> wojtek-fibak.jpg
2025-06-04 14:39:14,978 - INFO - 
--- Processing 62/284 ---
2025-06-04 14:39:14,978 - INFO - Processing Franco Squillari (ID: 102644, Wikidata: Q730200)
2025-06-04 14:39:15,521 - INFO - Successfully downloaded: franco-squillari.jpg
2025-06-04 14:39:15,521 - INFO - [SUCCESS] Downloaded Franco Squillari -> franco-squillari.jpg
2025-06-04 14:39:16,522 - INFO - 
--- Processing 63/284 ---
2025-06-04 14:39:16,522 - INFO - Processing Kevin Curren (ID: 100529, Wikidata: Q53400)
2025-06-04 14:39:17,337 - INFO - Successfully downloaded: kevin-curren.jpg
2025-06-04 14:39:17,337 - INFO - [SUCCESS] Downloaded Kevin Curren -> kevin-curren.jpg
2025-06-04 14:39:18,338 - INFO - 
--- Processing 64/284 ---
2025-06-04 14:39:18,338 - INFO - Processing Tomas Berdych (ID: 104607, Wikidata: Q193665)
2025-06-04 14:39:21,425 - INFO - Successfully downloaded: tomas-berdych.jpg
2025-06-04 14:39:21,426 - INFO - [SUCCESS] Downloaded Tomas Berdych -> tomas-berdych.jpg
2025-06-04 14:39:22,426 - INFO - 
--- Processing 65/284 ---
2025-06-04 14:39:22,426 - INFO - Processing Janko Tipsarevic (ID: 104386, Wikidata: Q210012)
2025-06-04 14:39:23,366 - INFO - Successfully downloaded: janko-tipsarevic.jpg
2025-06-04 14:39:23,366 - INFO - [SUCCESS] Downloaded Janko Tipsarevic -> janko-tipsarevic.jpg
2025-06-04 14:39:24,367 - INFO - 
--- Processing 66/284 ---
2025-06-04 14:39:24,368 - INFO - Processing Ramesh Krishnan (ID: 100752, Wikidata: Q982820)
2025-06-04 14:39:25,117 - INFO - Successfully downloaded: ramesh-krishnan.jpg
2025-06-04 14:39:25,118 - INFO - [SUCCESS] Downloaded Ramesh Krishnan -> ramesh-krishnan.jpg
2025-06-04 14:39:26,118 - INFO - 
--- Processing 67/284 ---
2025-06-04 14:39:26,118 - INFO - Processing Jack Sock (ID: 106058, Wikidata: Q54663)
2025-06-04 14:39:28,899 - INFO - Successfully downloaded: jack-sock.jpg
2025-06-04 14:39:28,899 - INFO - [SUCCESS] Downloaded Jack Sock -> jack-sock.jpg
2025-06-04 14:39:29,900 - INFO - 
--- Processing 68/284 ---
2025-06-04 14:39:29,900 - INFO - Processing Felix Auger Aliassime (ID: 200000, Wikidata: Q20752045)
2025-06-04 14:39:31,478 - INFO - Successfully downloaded: felix-auger-aliassime.jpg
2025-06-04 14:39:31,478 - INFO - [SUCCESS] Downloaded Felix Auger Aliassime -> felix-auger-aliassime.jpg
2025-06-04 14:39:32,479 - INFO - 
--- Processing 69/284 ---
2025-06-04 14:39:32,479 - INFO - Processing Jaime Yzaga (ID: 101409, Wikidata: Q731499)
2025-06-04 14:39:33,104 - ERROR - Could not find image for Jaime Yzaga (Q731499)
2025-06-04 14:39:34,105 - INFO - 
--- Processing 70/284 ---
2025-06-04 14:39:34,105 - INFO - Processing Daniil Medvedev (ID: 106421, Wikidata: Q21622022)
2025-06-04 14:39:34,634 - INFO - Successfully downloaded: daniil-medvedev.jpg
2025-06-04 14:39:34,635 - INFO - [SUCCESS] Downloaded Daniil Medvedev -> daniil-medvedev.jpg
2025-06-04 14:39:35,635 - INFO - 
--- Processing 71/284 ---
2025-06-04 14:39:35,635 - INFO - Processing Guillermo Perez Roldan (ID: 101649, Wikidata: Q780299)
2025-06-04 14:39:36,156 - ERROR - Could not find image for Guillermo Perez Roldan (Q780299)
2025-06-04 14:39:37,156 - INFO - 
--- Processing 72/284 ---
2025-06-04 14:39:37,156 - INFO - Processing Emilio Sanchez (ID: 101142, Wikidata: Q429013)
2025-06-04 14:39:38,002 - INFO - Successfully downloaded: emilio-sanchez.jpg
2025-06-04 14:39:38,003 - INFO - [SUCCESS] Downloaded Emilio Sanchez -> emilio-sanchez.jpg
2025-06-04 14:39:39,005 - INFO - 
--- Processing 73/284 ---
2025-06-04 14:39:39,006 - INFO - Processing Guillermo Canas (ID: 103084, Wikidata: Q310384)
2025-06-04 14:39:39,674 - INFO - Successfully downloaded: guillermo-canas.jpg
2025-06-04 14:39:39,674 - INFO - [SUCCESS] Downloaded Guillermo Canas -> guillermo-canas.jpg
2025-06-04 14:39:40,675 - INFO - 
--- Processing 74/284 ---
2025-06-04 14:39:40,675 - INFO - Processing Reilly Opelka (ID: 124187, Wikidata: Q20655502)
2025-06-04 14:39:46,424 - INFO - Successfully downloaded: reilly-opelka.jpg
2025-06-04 14:39:46,424 - INFO - [SUCCESS] Downloaded Reilly Opelka -> reilly-opelka.jpg
2025-06-04 14:39:47,425 - INFO - 
--- Processing 75/284 ---
2025-06-04 14:39:47,425 - INFO - Processing Bjorn Borg (ID: 100437, Wikidata: Q104506)
2025-06-04 14:39:48,050 - INFO - Successfully downloaded: bjorn-borg.jpg
2025-06-04 14:39:48,050 - INFO - [SUCCESS] Downloaded Bjorn Borg -> bjorn-borg.jpg
2025-06-04 14:39:49,050 - INFO - 
--- Processing 76/284 ---
2025-06-04 14:39:49,050 - INFO - Processing Jose Luis Clerc (ID: 100555, Wikidata: Q1373467)
2025-06-04 14:39:49,449 - INFO - Successfully downloaded: jose-luis-clerc.jpg
2025-06-04 14:39:49,449 - INFO - [SUCCESS] Downloaded Jose Luis Clerc -> jose-luis-clerc.jpg
2025-06-04 14:39:50,451 - INFO - 
--- Processing 77/284 ---
2025-06-04 14:39:50,451 - INFO - Processing Boris Becker (ID: 101414, Wikidata: Q76334)
2025-06-04 14:39:51,444 - INFO - Successfully downloaded: boris-becker.jpg
2025-06-04 14:39:51,444 - INFO - [SUCCESS] Downloaded Boris Becker -> boris-becker.jpg
2025-06-04 14:39:52,446 - INFO - 
--- Processing 78/284 ---
2025-06-04 14:39:52,446 - INFO - Processing Marc Rosset (ID: 101820, Wikidata: Q123298)
2025-06-04 14:39:54,959 - INFO - Successfully downloaded: marc-rosset.jpg
2025-06-04 14:39:54,960 - INFO - [SUCCESS] Downloaded Marc Rosset -> marc-rosset.jpg
2025-06-04 14:39:55,961 - INFO - 
--- Processing 79/284 ---
2025-06-04 14:39:55,961 - INFO - Processing Steve Johnson (ID: 105449, Wikidata: Q53569)
2025-06-04 14:39:58,444 - INFO - Successfully downloaded: steve-johnson.jpg
2025-06-04 14:39:58,444 - INFO - [SUCCESS] Downloaded Steve Johnson -> steve-johnson.jpg
2025-06-04 14:39:59,445 - INFO - 
--- Processing 80/284 ---
2025-06-04 14:39:59,445 - INFO - Processing Jonas Svensson (ID: 101298, Wikidata: Q1364914)
2025-06-04 14:40:00,199 - ERROR - Could not find image for Jonas Svensson (Q1364914)
2025-06-04 14:40:01,200 - INFO - 
--- Processing 81/284 ---
2025-06-04 14:40:01,200 - INFO - Processing Gene Mayer (ID: 100428, Wikidata: Q2760368)
2025-06-04 14:40:02,149 - INFO - Successfully downloaded: gene-mayer.jpg
2025-06-04 14:40:02,149 - INFO - [SUCCESS] Downloaded Gene Mayer -> gene-mayer.jpg
2025-06-04 14:40:03,150 - INFO - 
--- Processing 82/284 ---
2025-06-04 14:40:03,150 - INFO - Processing Paul Annacone (ID: 100901, Wikidata: Q926656)
2025-06-04 14:40:03,732 - INFO - Successfully downloaded: paul-annacone.jpg
2025-06-04 14:40:03,733 - INFO - [SUCCESS] Downloaded Paul Annacone -> paul-annacone.jpg
2025-06-04 14:40:04,734 - INFO - 
--- Processing 83/284 ---
2025-06-04 14:40:04,734 - INFO - Processing Jan Siemerink (ID: 101733, Wikidata: Q1364928)
2025-06-04 14:40:05,217 - INFO - Successfully downloaded: jan-siemerink.jpg
2025-06-04 14:40:05,218 - INFO - [SUCCESS] Downloaded Jan Siemerink -> jan-siemerink.jpg
2025-06-04 14:40:06,218 - INFO - 
--- Processing 84/284 ---
2025-06-04 14:40:06,218 - INFO - Processing Victor Pecci (ID: 100395, Wikidata: Q715523)
2025-06-04 14:40:07,018 - INFO - Successfully downloaded: victor-pecci.jpg
2025-06-04 14:40:07,018 - INFO - [SUCCESS] Downloaded Victor Pecci -> victor-pecci.jpg
2025-06-04 14:40:08,019 - INFO - 
--- Processing 85/284 ---
2025-06-04 14:40:08,019 - INFO - Processing Juan Aguilera (ID: 100809, Wikidata: Q619890)
2025-06-04 14:40:08,683 - ERROR - Could not find image for Juan Aguilera (Q619890)
2025-06-04 14:40:09,684 - INFO - 
--- Processing 86/284 ---
2025-06-04 14:40:09,684 - INFO - Processing Raul Ramirez (ID: 100309, Wikidata: Q972727)
2025-06-04 14:40:11,435 - INFO - Successfully downloaded: raul-ramirez.jpg
2025-06-04 14:40:11,435 - INFO - [SUCCESS] Downloaded Raul Ramirez -> raul-ramirez.jpg
2025-06-04 14:40:12,436 - INFO - 
--- Processing 87/284 ---
2025-06-04 14:40:12,437 - INFO - Processing Stefan Edberg (ID: 101222, Wikidata: Q189542)
2025-06-04 14:40:12,939 - INFO - Successfully downloaded: stefan-edberg.jpg
2025-06-04 14:40:12,939 - INFO - [SUCCESS] Downloaded Stefan Edberg -> stefan-edberg.jpg
2025-06-04 14:40:13,940 - INFO - 
--- Processing 88/284 ---
2025-06-04 14:40:13,940 - INFO - Processing Thomas Muster (ID: 101404, Wikidata: Q219966)
2025-06-04 14:40:14,580 - INFO - Successfully downloaded: thomas-muster.jpg
2025-06-04 14:40:14,580 - INFO - [SUCCESS] Downloaded Thomas Muster -> thomas-muster.jpg
2025-06-04 14:40:15,581 - INFO - 
--- Processing 89/284 ---
2025-06-04 14:40:15,581 - INFO - Processing Jimmy Connors (ID: 100284, Wikidata: Q53393)
2025-06-04 14:40:16,189 - INFO - Successfully downloaded: jimmy-connors.jpg
2025-06-04 14:40:16,189 - INFO - [SUCCESS] Downloaded Jimmy Connors -> jimmy-connors.jpg
2025-06-04 14:40:17,190 - INFO - 
--- Processing 90/284 ---
2025-06-04 14:40:17,190 - INFO - Processing Ronald Agenor (ID: 101086, Wikidata: Q949858)
2025-06-04 14:40:17,781 - ERROR - Could not find image for Ronald Agenor (Q949858)
2025-06-04 14:40:18,781 - INFO - 
--- Processing 91/284 ---
2025-06-04 14:40:18,781 - INFO - Processing Omar Camporese (ID: 101481, Wikidata: Q321420)
2025-06-04 14:40:19,521 - ERROR - Could not find image for Omar Camporese (Q321420)
2025-06-04 14:40:20,522 - INFO - 
--- Processing 92/284 ---
2025-06-04 14:40:20,522 - INFO - Processing Stefan Koubek (ID: 102905, Wikidata: Q373711)
2025-06-04 14:40:21,247 - INFO - Successfully downloaded: stefan-koubek.jpg
2025-06-04 14:40:21,247 - INFO - [SUCCESS] Downloaded Stefan Koubek -> stefan-koubek.jpg
2025-06-04 14:40:22,248 - INFO - 
--- Processing 93/284 ---
2025-06-04 14:40:22,248 - INFO - Processing Nicolas Mahut (ID: 103917, Wikidata: Q317974)
2025-06-04 14:40:24,325 - INFO - Successfully downloaded: nicolas-mahut.jpg
2025-06-04 14:40:24,326 - INFO - [SUCCESS] Downloaded Nicolas Mahut -> nicolas-mahut.jpg
2025-06-04 14:40:25,327 - INFO - 
--- Processing 94/284 ---
2025-06-04 14:40:25,327 - INFO - Processing Lucas Pouille (ID: 106298, Wikidata: Q13403768)
2025-06-04 14:40:27,099 - INFO - Successfully downloaded: lucas-pouille.jpg
2025-06-04 14:40:27,100 - INFO - [SUCCESS] Downloaded Lucas Pouille -> lucas-pouille.jpg
2025-06-04 14:40:28,100 - INFO - 
--- Processing 95/284 ---
2025-06-04 14:40:28,100 - INFO - Processing Roscoe Tanner (ID: 100255, Wikidata: Q54681)
2025-06-04 14:40:29,536 - INFO - Successfully downloaded: roscoe-tanner.jpg
2025-06-04 14:40:29,536 - INFO - [SUCCESS] Downloaded Roscoe Tanner -> roscoe-tanner.jpg
2025-06-04 14:40:30,537 - INFO - 
--- Processing 96/284 ---
2025-06-04 14:40:30,537 - INFO - Processing Sebastien Grosjean (ID: 103206, Wikidata: Q45666)
2025-06-04 14:40:33,115 - INFO - Successfully downloaded: sebastien-grosjean.jpg
2025-06-04 14:40:33,115 - INFO - [SUCCESS] Downloaded Sebastien Grosjean -> sebastien-grosjean.jpg
2025-06-04 14:40:34,117 - INFO - 
--- Processing 97/284 ---
2025-06-04 14:40:34,117 - INFO - Processing Rafael Nadal (ID: 104745, Wikidata: Q10132)
2025-06-04 14:40:35,610 - INFO - Successfully downloaded: rafael-nadal.jpg
2025-06-04 14:40:35,610 - INFO - [SUCCESS] Downloaded Rafael Nadal -> rafael-nadal.jpg
2025-06-04 14:40:36,611 - INFO - 
--- Processing 98/284 ---
2025-06-04 14:40:36,611 - INFO - Processing Karl Meiler (ID: 100179, Wikidata: Q89533)
2025-06-04 14:40:37,111 - ERROR - Could not find image for Karl Meiler (Q89533)
2025-06-04 14:40:38,112 - INFO - 
--- Processing 99/284 ---
2025-06-04 14:40:38,112 - INFO - Processing Miloslav Mecir (ID: 101036, Wikidata: Q369243)
2025-06-04 14:40:40,081 - INFO - Successfully downloaded: miloslav-mecir.jpg
2025-06-04 14:40:40,081 - INFO - [SUCCESS] Downloaded Miloslav Mecir -> miloslav-mecir.jpg
2025-06-04 14:40:41,083 - INFO - 
--- Processing 100/284 ---
2025-06-04 14:40:41,083 - INFO - Processing Malivai Washington (ID: 101613, Wikidata: Q54691)
2025-06-04 14:40:42,961 - INFO - Successfully downloaded: malivai-washington.jpg
2025-06-04 14:40:42,961 - INFO - [SUCCESS] Downloaded Malivai Washington -> malivai-washington.jpg
2025-06-04 14:40:43,962 - INFO - 
--- Processing 101/284 ---
2025-06-04 14:40:43,962 - INFO - Processing Richard Fromberg (ID: 101735, Wikidata: Q891769)
2025-06-04 14:40:44,490 - ERROR - Could not find image for Richard Fromberg (Q891769)
2025-06-04 14:40:45,491 - INFO - 
--- Processing 102/284 ---
2025-06-04 14:40:45,491 - INFO - Processing Marcos Baghdatis (ID: 104571, Wikidata: Q207084)
2025-06-04 14:40:46,401 - INFO - Successfully downloaded: marcos-baghdatis.jpg
2025-06-04 14:40:46,401 - INFO - [SUCCESS] Downloaded Marcos Baghdatis -> marcos-baghdatis.jpg
2025-06-04 14:40:47,402 - INFO - 
--- Processing 103/284 ---
2025-06-04 14:40:47,402 - INFO - Processing Marcel Granollers (ID: 104719, Wikidata: Q314348)
2025-06-04 14:40:49,680 - INFO - Successfully downloaded: marcel-granollers.jpg
2025-06-04 14:40:49,680 - INFO - [SUCCESS] Downloaded Marcel Granollers -> marcel-granollers.jpg
2025-06-04 14:40:50,680 - INFO - 
--- Processing 104/284 ---
2025-06-04 14:40:50,680 - INFO - Processing Patrick Rafter (ID: 102158, Wikidata: Q204068)
2025-06-04 14:40:51,347 - INFO - Successfully downloaded: patrick-rafter.jpg
2025-06-04 14:40:51,347 - INFO - [SUCCESS] Downloaded Patrick Rafter -> patrick-rafter.jpg
2025-06-04 14:40:52,348 - INFO - 
--- Processing 105/284 ---
2025-06-04 14:40:52,348 - INFO - Processing Florian Mayer (ID: 104252, Wikidata: Q77170)
2025-06-04 14:40:55,272 - INFO - Successfully downloaded: florian-mayer.jpg
2025-06-04 14:40:55,272 - INFO - [SUCCESS] Downloaded Florian Mayer -> florian-mayer.jpg
2025-06-04 14:40:56,274 - INFO - 
--- Processing 106/284 ---
2025-06-04 14:40:56,274 - INFO - Processing Thomas Johansson (ID: 102563, Wikidata: Q277802)
2025-06-04 14:40:56,920 - INFO - Successfully downloaded: thomas-johansson.jpg
2025-06-04 14:40:56,921 - INFO - [SUCCESS] Downloaded Thomas Johansson -> thomas-johansson.jpg
2025-06-04 14:40:57,922 - INFO - 
--- Processing 107/284 ---
2025-06-04 14:40:57,922 - INFO - Processing Mark Edmondson (ID: 100337, Wikidata: Q506606)
2025-06-04 14:40:58,596 - ERROR - Could not find image for Mark Edmondson (Q506606)
2025-06-04 14:40:59,596 - INFO - 
--- Processing 108/284 ---
2025-06-04 14:40:59,597 - INFO - Processing Stefanos Tsitsipas (ID: 126774, Wikidata: Q24450982)
2025-06-04 14:41:00,145 - INFO - Successfully downloaded: stefanos-tsitsipas.jpg
2025-06-04 14:41:00,145 - INFO - [SUCCESS] Downloaded Stefanos Tsitsipas -> stefanos-tsitsipas.jpg
2025-06-04 14:41:01,146 - INFO - 
--- Processing 109/284 ---
2025-06-04 14:41:01,146 - INFO - Processing Andrei Chesnokov (ID: 101230, Wikidata: Q502002)
2025-06-04 14:41:01,751 - ERROR - Could not find image for Andrei Chesnokov (Q502002)
2025-06-04 14:41:02,752 - INFO - 
--- Processing 110/284 ---
2025-06-04 14:41:02,752 - INFO - Processing Cristian Garin (ID: 106426, Wikidata: Q4252035)
2025-06-04 14:41:03,526 - INFO - Successfully downloaded: cristian-garin.jpg
2025-06-04 14:41:03,527 - INFO - [SUCCESS] Downloaded Cristian Garin -> cristian-garin.jpg
2025-06-04 14:41:04,527 - INFO - 
--- Processing 111/284 ---
2025-06-04 14:41:04,527 - INFO - Processing Andy Murray (ID: 104918, Wikidata: Q10125)
2025-06-04 14:41:05,397 - INFO - Successfully downloaded: andy-murray.jpg
2025-06-04 14:41:05,398 - INFO - [SUCCESS] Downloaded Andy Murray -> andy-murray.jpg
2025-06-04 14:41:06,399 - INFO - 
--- Processing 112/284 ---
2025-06-04 14:41:06,399 - INFO - Processing Kyle Edmund (ID: 106378, Wikidata: Q6451141)
2025-06-04 14:41:11,704 - INFO - Successfully downloaded: kyle-edmund.jpg
2025-06-04 14:41:11,705 - INFO - [SUCCESS] Downloaded Kyle Edmund -> kyle-edmund.jpg
2025-06-04 14:41:12,705 - INFO - 
--- Processing 113/284 ---
2025-06-04 14:41:12,705 - INFO - Processing Guy Forget (ID: 101098, Wikidata: Q560175)
2025-06-04 14:41:14,207 - INFO - Successfully downloaded: guy-forget.jpg
2025-06-04 14:41:14,207 - INFO - [SUCCESS] Downloaded Guy Forget -> guy-forget.jpg
2025-06-04 14:41:15,208 - INFO - 
--- Processing 114/284 ---
2025-06-04 14:41:15,208 - INFO - Processing Albert Costa (ID: 102610, Wikidata: Q317828)
2025-06-04 14:41:15,702 - INFO - Successfully downloaded: albert-costa.jpg
2025-06-04 14:41:15,703 - INFO - [SUCCESS] Downloaded Albert Costa -> albert-costa.jpg
2025-06-04 14:41:16,704 - INFO - 
--- Processing 115/284 ---
2025-06-04 14:41:16,704 - INFO - Processing Marat Safin (ID: 103498, Wikidata: Q133318)
2025-06-04 14:41:17,532 - INFO - Successfully downloaded: marat-safin.jpg
2025-06-04 14:41:17,532 - INFO - [SUCCESS] Downloaded Marat Safin -> marat-safin.jpg
2025-06-04 14:41:18,533 - INFO - 
--- Processing 116/284 ---
2025-06-04 14:41:18,533 - INFO - Processing Nikoloz Basilashvili (ID: 105932, Wikidata: Q16297666)
2025-06-04 14:41:22,743 - INFO - Successfully downloaded: nikoloz-basilashvili.jpg
2025-06-04 14:41:22,743 - INFO - [SUCCESS] Downloaded Nikoloz Basilashvili -> nikoloz-basilashvili.jpg
2025-06-04 14:41:23,744 - INFO - 
--- Processing 117/284 ---
2025-06-04 14:41:23,744 - INFO - Processing Ivan Ljubicic (ID: 103344, Wikidata: Q261095)
2025-06-04 14:41:24,451 - INFO - Successfully downloaded: ivan-ljubicic.jpg
2025-06-04 14:41:24,451 - INFO - [SUCCESS] Downloaded Ivan Ljubicic -> ivan-ljubicic.jpg
2025-06-04 14:41:25,451 - INFO - 
--- Processing 118/284 ---
2025-06-04 14:41:25,451 - INFO - Processing Denis Shapovalov (ID: 133430, Wikidata: Q20979382)
2025-06-04 14:41:26,117 - INFO - Successfully downloaded: denis-shapovalov.jpg
2025-06-04 14:41:26,117 - INFO - [SUCCESS] Downloaded Denis Shapovalov -> denis-shapovalov.jpg
2025-06-04 14:41:27,118 - INFO - 
--- Processing 119/284 ---
2025-06-04 14:41:27,118 - INFO - Processing Hans Jurgen Pohmann (ID: 100137, Wikidata: Q95218)
2025-06-04 14:41:29,487 - INFO - Successfully downloaded: hans-jurgen-pohmann.jpg
2025-06-04 14:41:29,487 - INFO - [SUCCESS] Downloaded Hans Jurgen Pohmann -> hans-jurgen-pohmann.jpg
2025-06-04 14:41:30,488 - INFO - 
--- Processing 120/284 ---
2025-06-04 14:41:30,488 - INFO - Processing Andy Roddick (ID: 104053, Wikidata: Q54584)
2025-06-04 14:41:31,764 - INFO - Successfully downloaded: andy-roddick.jpg
2025-06-04 14:41:31,766 - INFO - [SUCCESS] Downloaded Andy Roddick -> andy-roddick.jpg
2025-06-04 14:41:32,766 - INFO - 
--- Processing 121/284 ---
2025-06-04 14:41:32,766 - INFO - Processing David Sanchez (ID: 103176, Wikidata: Q3018863)
2025-06-04 14:41:33,459 - ERROR - Could not find image for David Sanchez (Q3018863)
2025-06-04 14:41:34,459 - INFO - 
--- Processing 122/284 ---
2025-06-04 14:41:34,459 - INFO - Processing Rainer Schuettler (ID: 102783, Wikidata: Q76760)
2025-06-04 14:41:36,385 - INFO - Successfully downloaded: rainer-schuettler.jpg
2025-06-04 14:41:36,385 - INFO - [SUCCESS] Downloaded Rainer Schuettler -> rainer-schuettler.jpg
2025-06-04 14:41:37,386 - INFO - 
--- Processing 123/284 ---
2025-06-04 14:41:37,386 - INFO - Processing Tim Gullikson (ID: 100252, Wikidata: Q962989)
2025-06-04 14:41:38,195 - INFO - Successfully downloaded: tim-gullikson.jpg
2025-06-04 14:41:38,195 - INFO - [SUCCESS] Downloaded Tim Gullikson -> tim-gullikson.jpg
2025-06-04 14:41:39,197 - INFO - 
--- Processing 124/284 ---
2025-06-04 14:41:39,197 - INFO - Processing Mariano Puerta (ID: 103264, Wikidata: Q283642)
2025-06-04 14:41:39,989 - INFO - Successfully downloaded: mariano-puerta.jpg
2025-06-04 14:41:39,989 - INFO - [SUCCESS] Downloaded Mariano Puerta -> mariano-puerta.jpg
2025-06-04 14:41:40,989 - INFO - 
--- Processing 125/284 ---
2025-06-04 14:41:40,989 - INFO - Processing Amos Mansdorf (ID: 101195, Wikidata: Q474279)
2025-06-04 14:41:42,046 - INFO - Successfully downloaded: amos-mansdorf.jpg
2025-06-04 14:41:42,046 - INFO - [SUCCESS] Downloaded Amos Mansdorf -> amos-mansdorf.jpg
2025-06-04 14:41:43,047 - INFO - 
--- Processing 126/284 ---
2025-06-04 14:41:43,047 - INFO - Processing Francisco Clavet (ID: 101532, Wikidata: Q974264)
2025-06-04 14:41:43,672 - ERROR - Could not find image for Francisco Clavet (Q974264)
2025-06-04 14:41:44,672 - INFO - 
--- Processing 127/284 ---
2025-06-04 14:41:44,672 - INFO - Processing Corrado Barazzutti (ID: 100297, Wikidata: Q2713814)
2025-06-04 14:41:46,461 - INFO - Successfully downloaded: corrado-barazzutti.jpg
2025-06-04 14:41:46,461 - INFO - [SUCCESS] Downloaded Corrado Barazzutti -> corrado-barazzutti.jpg
2025-06-04 14:41:47,461 - INFO - 
--- Processing 128/284 ---
2025-06-04 14:41:47,462 - INFO - Processing Jeff Borowiak (ID: 100186, Wikidata: Q1565788)
2025-06-04 14:41:48,547 - ERROR - Could not find image for Jeff Borowiak (Q1565788)
2025-06-04 14:41:49,548 - INFO - 
--- Processing 129/284 ---
2025-06-04 14:41:49,548 - INFO - Processing Andrei Medvedev (ID: 102446, Wikidata: Q355338)
2025-06-04 14:41:50,798 - INFO - Successfully downloaded: andrei-medvedev.jpg
2025-06-04 14:41:50,798 - INFO - [SUCCESS] Downloaded Andrei Medvedev -> andrei-medvedev.jpg
2025-06-04 14:41:51,799 - INFO - 
--- Processing 130/284 ---
2025-06-04 14:41:51,799 - INFO - Processing John McEnroe (ID: 100581, Wikidata: Q16474)
2025-06-04 14:41:52,980 - INFO - Successfully downloaded: john-mcenroe.jpg
2025-06-04 14:41:52,980 - INFO - [SUCCESS] Downloaded John McEnroe -> john-mcenroe.jpg
2025-06-04 14:41:53,981 - INFO - 
--- Processing 131/284 ---
2025-06-04 14:41:53,981 - INFO - Processing Younes El Aynaoui (ID: 101962, Wikidata: Q361676)
2025-06-04 14:41:54,591 - INFO - Successfully downloaded: younes-el-aynaoui.jpg
2025-06-04 14:41:54,592 - INFO - [SUCCESS] Downloaded Younes El Aynaoui -> younes-el-aynaoui.jpg
2025-06-04 14:41:55,592 - INFO - 
--- Processing 132/284 ---
2025-06-04 14:41:55,592 - INFO - Processing Heinz Gunthardt (ID: 100579, Wikidata: Q638555)
2025-06-04 14:41:56,302 - INFO - Successfully downloaded: heinz-gunthardt.jpg
2025-06-04 14:41:56,302 - INFO - [SUCCESS] Downloaded Heinz Gunthardt -> heinz-gunthardt.jpg
2025-06-04 14:41:57,303 - INFO - 
--- Processing 133/284 ---
2025-06-04 14:41:57,303 - INFO - Processing Van Winitsky (ID: 100585, Wikidata: Q677136)
2025-06-04 14:41:58,969 - ERROR - Could not find image for Van Winitsky (Q677136)
2025-06-04 14:41:59,970 - INFO - 
--- Processing 134/284 ---
2025-06-04 14:41:59,970 - INFO - Processing Juan Monaco (ID: 104338, Wikidata: Q294888)
2025-06-04 14:42:03,621 - INFO - Successfully downloaded: juan-monaco.jpg
2025-06-04 14:42:03,621 - INFO - [SUCCESS] Downloaded Juan Monaco -> juan-monaco.jpg
2025-06-04 14:42:04,622 - INFO - 
--- Processing 135/284 ---
2025-06-04 14:42:04,622 - INFO - Processing Aslan Karatsev (ID: 106234, Wikidata: Q18546813)
2025-06-04 14:42:05,751 - INFO - Successfully downloaded: aslan-karatsev.jpg
2025-06-04 14:42:05,751 - INFO - [SUCCESS] Downloaded Aslan Karatsev -> aslan-karatsev.jpg
2025-06-04 14:42:06,752 - INFO - 
--- Processing 136/284 ---
2025-06-04 14:42:06,752 - INFO - Processing Patrick Baur (ID: 101133, Wikidata: Q110737)
2025-06-04 14:42:07,543 - ERROR - Could not find image for Patrick Baur (Q110737)
2025-06-04 14:42:08,544 - INFO - 
--- Processing 137/284 ---
2025-06-04 14:42:08,544 - INFO - Processing Pat Cash (ID: 101138, Wikidata: Q298644)
2025-06-04 14:42:09,527 - INFO - Successfully downloaded: pat-cash.jpg
2025-06-04 14:42:09,527 - INFO - [SUCCESS] Downloaded Pat Cash -> pat-cash.jpg
2025-06-04 14:42:10,528 - INFO - 
--- Processing 138/284 ---
2025-06-04 14:42:10,528 - INFO - Processing Mark Cox (ID: 100073, Wikidata: Q1565058)
2025-06-04 14:42:11,156 - ERROR - Could not find image for Mark Cox (Q1565058)
2025-06-04 14:42:12,157 - INFO - 
--- Processing 139/284 ---
2025-06-04 14:42:12,157 - INFO - Processing Jonas Bjorkman (ID: 102035, Wikidata: Q310380)
2025-06-04 14:42:12,937 - INFO - Successfully downloaded: jonas-bjorkman.jpg
2025-06-04 14:42:12,937 - INFO - [SUCCESS] Downloaded Jonas Bjorkman -> jonas-bjorkman.jpg
2025-06-04 14:42:13,938 - INFO - 
--- Processing 140/284 ---
2025-06-04 14:42:13,938 - INFO - Processing Albert Ramos (ID: 105077, Wikidata: Q459158)
2025-06-04 14:42:15,395 - INFO - Successfully downloaded: albert-ramos.jpg
2025-06-04 14:42:15,395 - INFO - [SUCCESS] Downloaded Albert Ramos -> albert-ramos.jpg
2025-06-04 14:42:16,396 - INFO - 
--- Processing 141/284 ---
2025-06-04 14:42:16,396 - INFO - Processing Greg Rusedski (ID: 102257, Wikidata: Q335209)
2025-06-04 14:42:17,109 - INFO - Successfully downloaded: greg-rusedski.jpg
2025-06-04 14:42:17,109 - INFO - [SUCCESS] Downloaded Greg Rusedski -> greg-rusedski.jpg
2025-06-04 14:42:18,110 - INFO - 
--- Processing 142/284 ---
2025-06-04 14:42:18,110 - INFO - Processing Andre Agassi (ID: 101736, Wikidata: Q7407)
2025-06-04 14:42:18,941 - INFO - Successfully downloaded: andre-agassi.jpg
2025-06-04 14:42:18,941 - INFO - [SUCCESS] Downloaded Andre Agassi -> andre-agassi.jpg
2025-06-04 14:42:19,942 - INFO - 
--- Processing 143/284 ---
2025-06-04 14:42:19,942 - INFO - Processing Peter Lundgren (ID: 101106, Wikidata: Q1356290)
2025-06-04 14:42:23,609 - INFO - Successfully downloaded: peter-lundgren.jpg
2025-06-04 14:42:23,609 - INFO - [SUCCESS] Downloaded Peter Lundgren -> peter-lundgren.jpg
2025-06-04 14:42:24,610 - INFO - 
--- Processing 144/284 ---
2025-06-04 14:42:24,610 - INFO - Processing Juan Carlos Ferrero (ID: 103507, Wikidata: Q185722)
2025-06-04 14:42:32,673 - INFO - Successfully downloaded: juan-carlos-ferrero.jpg
2025-06-04 14:42:32,674 - INFO - [SUCCESS] Downloaded Juan Carlos Ferrero -> juan-carlos-ferrero.jpg
2025-06-04 14:42:33,675 - INFO - 
--- Processing 145/284 ---
2025-06-04 14:42:33,675 - INFO - Processing Andrea Gaudenzi (ID: 102247, Wikidata: Q201593)
2025-06-04 14:42:34,271 - ERROR - Could not find image for Andrea Gaudenzi (Q201593)
2025-06-04 14:42:35,272 - INFO - 
--- Processing 146/284 ---
2025-06-04 14:42:35,272 - INFO - Processing Jiri Novak (ID: 102562, Wikidata: Q356768)
2025-06-04 14:42:36,494 - INFO - Successfully downloaded: jiri-novak.jpg
2025-06-04 14:42:36,494 - INFO - [SUCCESS] Downloaded Jiri Novak -> jiri-novak.jpg
2025-06-04 14:42:37,496 - INFO - 
--- Processing 147/284 ---
2025-06-04 14:42:37,496 - INFO - Processing Jim Courier (ID: 101793, Wikidata: Q53396)
2025-06-04 14:42:38,964 - INFO - Successfully downloaded: jim-courier.jpg
2025-06-04 14:42:38,964 - INFO - [SUCCESS] Downloaded Jim Courier -> jim-courier.jpg
2025-06-04 14:42:39,965 - INFO - 
--- Processing 148/284 ---
2025-06-04 14:42:39,965 - INFO - Processing Brian Gottfried (ID: 100261, Wikidata: Q912255)
2025-06-04 14:42:40,719 - ERROR - Could not find image for Brian Gottfried (Q912255)
2025-06-04 14:42:41,720 - INFO - 
--- Processing 149/284 ---
2025-06-04 14:42:41,720 - INFO - Processing Manuel Orantes (ID: 100174, Wikidata: Q318569)
2025-06-04 14:42:42,850 - INFO - Successfully downloaded: manuel-orantes.jpg
2025-06-04 14:42:42,850 - INFO - [SUCCESS] Downloaded Manuel Orantes -> manuel-orantes.jpg
2025-06-04 14:42:43,851 - INFO - 
--- Processing 150/284 ---
2025-06-04 14:42:43,851 - INFO - Processing Alexander Zverev (ID: 100644, Wikidata: Q4189526)
2025-06-04 14:42:44,546 - ERROR - Could not find image for Alexander Zverev (Q4189526)
2025-06-04 14:42:45,546 - INFO - 
--- Processing 151/284 ---
2025-06-04 14:42:45,546 - INFO - Processing Fernando Gonzalez (ID: 103602, Wikidata: Q208517)
2025-06-04 14:42:49,953 - INFO - Successfully downloaded: fernando-gonzalez.jpg
2025-06-04 14:42:49,953 - INFO - [SUCCESS] Downloaded Fernando Gonzalez -> fernando-gonzalez.jpg
2025-06-04 14:42:50,954 - INFO - 
--- Processing 152/284 ---
2025-06-04 14:42:50,954 - INFO - Processing Nicolas Lapentti (ID: 102839, Wikidata: Q346630)
2025-06-04 14:42:55,657 - INFO - Successfully downloaded: nicolas-lapentti.jpg
2025-06-04 14:42:55,657 - INFO - [SUCCESS] Downloaded Nicolas Lapentti -> nicolas-lapentti.jpg
2025-06-04 14:42:56,657 - INFO - 
--- Processing 153/284 ---
2025-06-04 14:42:56,657 - INFO - Processing Ken Rosewall (ID: 100016, Wikidata: Q312728)
2025-06-04 14:42:57,776 - INFO - Successfully downloaded: ken-rosewall.jpg
2025-06-04 14:42:57,776 - INFO - [SUCCESS] Downloaded Ken Rosewall -> ken-rosewall.jpg
2025-06-04 14:42:58,777 - INFO - 
--- Processing 154/284 ---
2025-06-04 14:42:58,778 - INFO - Processing Wayne Ferreira (ID: 101965, Wikidata: Q369228)
2025-06-04 14:42:59,677 - INFO - Successfully downloaded: wayne-ferreira.jpg
2025-06-04 14:42:59,678 - INFO - [SUCCESS] Downloaded Wayne Ferreira -> wayne-ferreira.jpg
2025-06-04 14:43:00,679 - INFO - 
--- Processing 155/284 ---
2025-06-04 14:43:00,679 - INFO - Processing Richard Krajicek (ID: 101990, Wikidata: Q309859)
2025-06-04 14:43:04,897 - INFO - Successfully downloaded: richard-krajicek.jpg
2025-06-04 14:43:04,897 - INFO - [SUCCESS] Downloaded Richard Krajicek -> richard-krajicek.jpg
2025-06-04 14:43:05,898 - INFO - 
--- Processing 156/284 ---
2025-06-04 14:43:05,898 - INFO - Processing Magnus Norman (ID: 102796, Wikidata: Q355323)
2025-06-04 14:43:08,109 - INFO - Successfully downloaded: magnus-norman.jpg
2025-06-04 14:43:08,109 - INFO - [SUCCESS] Downloaded Magnus Norman -> magnus-norman.jpg
2025-06-04 14:43:09,110 - INFO - 
--- Processing 157/284 ---
2025-06-04 14:43:09,110 - INFO - Processing Guillermo Garcia Lopez (ID: 104198, Wikidata: Q304724)
2025-06-04 14:43:10,127 - INFO - Successfully downloaded: guillermo-garcia-lopez.jpg
2025-06-04 14:43:10,128 - INFO - [SUCCESS] Downloaded Guillermo Garcia Lopez -> guillermo-garcia-lopez.jpg
2025-06-04 14:43:11,129 - INFO - 
--- Processing 158/284 ---
2025-06-04 14:43:11,129 - INFO - Processing John Fitzgerald (ID: 100713, Wikidata: Q426049)
2025-06-04 14:43:12,173 - ERROR - Could not find image for John Fitzgerald (Q426049)
2025-06-04 14:43:13,173 - INFO - 
--- Processing 159/284 ---
2025-06-04 14:43:13,173 - INFO - Processing Tim Henman (ID: 102450, Wikidata: Q221737)
2025-06-04 14:43:13,813 - INFO - Successfully downloaded: tim-henman.jpg
2025-06-04 14:43:13,813 - INFO - [SUCCESS] Downloaded Tim Henman -> tim-henman.jpg
2025-06-04 14:43:14,820 - INFO - 
--- Processing 160/284 ---
2025-06-04 14:43:14,821 - INFO - Processing Stan Wawrinka (ID: 104527, Wikidata: Q193661)
2025-06-04 14:43:15,875 - INFO - Successfully downloaded: stan-wawrinka.jpg
2025-06-04 14:43:15,875 - INFO - [SUCCESS] Downloaded Stan Wawrinka -> stan-wawrinka.jpg
2025-06-04 14:43:16,876 - INFO - 
--- Processing 161/284 ---
2025-06-04 14:43:16,876 - INFO - Processing Ivo Karlovic (ID: 103333, Wikidata: Q295483)
2025-06-04 14:43:18,321 - INFO - Successfully downloaded: ivo-karlovic.jpg
2025-06-04 14:43:18,321 - INFO - [SUCCESS] Downloaded Ivo Karlovic -> ivo-karlovic.jpg
2025-06-04 14:43:19,322 - INFO - 
--- Processing 162/284 ---
2025-06-04 14:43:19,322 - INFO - Processing Gilles Muller (ID: 104180, Wikidata: Q314304)
2025-06-04 14:43:20,787 - INFO - Successfully downloaded: gilles-muller.jpg
2025-06-04 14:43:20,787 - INFO - [SUCCESS] Downloaded Gilles Muller -> gilles-muller.jpg
2025-06-04 14:43:21,787 - INFO - 
--- Processing 163/284 ---
2025-06-04 14:43:21,788 - INFO - Processing Peter Mcnamara (ID: 100383, Wikidata: Q1508952)
2025-06-04 14:43:22,437 - INFO - Successfully downloaded: peter-mcnamara.jpg
2025-06-04 14:43:22,437 - INFO - [SUCCESS] Downloaded Peter Mcnamara -> peter-mcnamara.jpg
2025-06-04 14:43:23,438 - INFO - 
--- Processing 164/284 ---
2025-06-04 14:43:23,438 - INFO - Processing Francesco Cancellotti (ID: 100894, Wikidata: Q3080932)
2025-06-04 14:43:24,108 - ERROR - Could not find image for Francesco Cancellotti (Q3080932)
2025-06-04 14:43:25,110 - INFO - 
--- Processing 165/284 ---
2025-06-04 14:43:25,110 - INFO - Processing Carlos Moya (ID: 102845, Wikidata: Q193361)
2025-06-04 14:43:26,352 - INFO - Successfully downloaded: carlos-moya.jpg
2025-06-04 14:43:26,352 - INFO - [SUCCESS] Downloaded Carlos Moya -> carlos-moya.jpg
2025-06-04 14:43:27,352 - INFO - 
--- Processing 166/284 ---
2025-06-04 14:43:27,352 - INFO - Processing Matteo Berrettini (ID: 126610, Wikidata: Q29918446)
2025-06-04 14:43:27,968 - INFO - Successfully downloaded: matteo-berrettini.jpg
2025-06-04 14:43:27,968 - INFO - [SUCCESS] Downloaded Matteo Berrettini -> matteo-berrettini.jpg
2025-06-04 14:43:28,969 - INFO - 
--- Processing 167/284 ---
2025-06-04 14:43:28,969 - INFO - Processing Henri Leconte (ID: 100936, Wikidata: Q455322)
2025-06-04 14:43:31,388 - INFO - Successfully downloaded: henri-leconte.jpg
2025-06-04 14:43:31,388 - INFO - [SUCCESS] Downloaded Henri Leconte -> henri-leconte.jpg
2025-06-04 14:43:32,389 - INFO - 
--- Processing 168/284 ---
2025-06-04 14:43:32,389 - INFO - Processing Karel Novacek (ID: 101120, Wikidata: Q324082)
2025-06-04 14:43:33,457 - INFO - Successfully downloaded: karel-novacek.jpg
2025-06-04 14:43:33,457 - INFO - [SUCCESS] Downloaded Karel Novacek -> karel-novacek.jpg
2025-06-04 14:43:34,457 - INFO - 
--- Processing 169/284 ---
2025-06-04 14:43:34,458 - INFO - Processing Dick Stockton (ID: 100229, Wikidata: Q967423)
2025-06-04 14:43:35,649 - INFO - Successfully downloaded: dick-stockton.jpg
2025-06-04 14:43:35,649 - INFO - [SUCCESS] Downloaded Dick Stockton -> dick-stockton.jpg
2025-06-04 14:43:36,649 - INFO - 
--- Processing 170/284 ---
2025-06-04 14:43:36,649 - INFO - Processing Jose Acasuso (ID: 104076, Wikidata: Q299930)
2025-06-04 14:43:37,274 - INFO - Successfully downloaded: jose-acasuso.jpg
2025-06-04 14:43:37,274 - INFO - [SUCCESS] Downloaded Jose Acasuso -> jose-acasuso.jpg
2025-06-04 14:43:38,274 - INFO - 
--- Processing 171/284 ---
2025-06-04 14:43:38,274 - INFO - Processing Victor Amaya (ID: 100339, Wikidata: Q1748325)
2025-06-04 14:43:39,033 - ERROR - Could not find image for Victor Amaya (Q1748325)
2025-06-04 14:43:40,033 - INFO - 
--- Processing 172/284 ---
2025-06-04 14:43:40,033 - INFO - Processing Thomaz Bellucci (ID: 105064, Wikidata: Q312345)
2025-06-04 14:43:41,057 - INFO - Successfully downloaded: thomaz-bellucci.jpg
2025-06-04 14:43:41,057 - INFO - [SUCCESS] Downloaded Thomaz Bellucci -> thomaz-bellucci.jpg
2025-06-04 14:43:42,058 - INFO - 
--- Processing 173/284 ---
2025-06-04 14:43:42,058 - INFO - Processing Slava Dosedel (ID: 101792, Wikidata: Q601470)
2025-06-04 14:43:42,662 - ERROR - Could not find image for Slava Dosedel (Q601470)
2025-06-04 14:43:43,662 - INFO - 
--- Processing 174/284 ---
2025-06-04 14:43:43,662 - INFO - Processing Nick Kyrgios (ID: 106401, Wikidata: Q3720084)
2025-06-04 14:43:45,382 - INFO - Successfully downloaded: nick-kyrgios.jpg
2025-06-04 14:43:45,382 - INFO - [SUCCESS] Downloaded Nick Kyrgios -> nick-kyrgios.jpg
2025-06-04 14:43:46,383 - INFO - 
--- Processing 175/284 ---
2025-06-04 14:43:46,383 - INFO - Processing Pablo Carreno Busta (ID: 105807, Wikidata: Q7121592)
2025-06-04 14:43:47,313 - INFO - Successfully downloaded: pablo-carreno-busta.jpg
2025-06-04 14:43:47,313 - INFO - [SUCCESS] Downloaded Pablo Carreno Busta -> pablo-carreno-busta.jpg
2025-06-04 14:43:48,314 - INFO - 
--- Processing 176/284 ---
2025-06-04 14:43:48,314 - INFO - Processing Joakim Nystrom (ID: 100893, Wikidata: Q302738)
2025-06-04 14:43:49,258 - ERROR - Could not find image for Joakim Nystrom (Q302738)
2025-06-04 14:43:50,258 - INFO - 
--- Processing 177/284 ---
2025-06-04 14:43:50,258 - INFO - Processing Jakob Hlasek (ID: 101084, Wikidata: Q715141)
2025-06-04 14:43:52,413 - INFO - Successfully downloaded: jakob-hlasek.jpg
2025-06-04 14:43:52,413 - INFO - [SUCCESS] Downloaded Jakob Hlasek -> jakob-hlasek.jpg
2025-06-04 14:43:53,415 - INFO - 
--- Processing 178/284 ---
2025-06-04 14:43:53,415 - INFO - Processing David Nalbandian (ID: 103900, Wikidata: Q181501)
2025-06-04 14:43:55,146 - INFO - Successfully downloaded: david-nalbandian.jpg
2025-06-04 14:43:55,146 - INFO - [SUCCESS] Downloaded David Nalbandian -> david-nalbandian.jpg
2025-06-04 14:43:56,147 - INFO - 
--- Processing 179/284 ---
2025-06-04 14:43:56,147 - INFO - Processing Mel Purcell (ID: 100611, Wikidata: Q325724)
2025-06-04 14:43:57,094 - INFO - Successfully downloaded: mel-purcell.jpg
2025-06-04 14:43:57,095 - INFO - [SUCCESS] Downloaded Mel Purcell -> mel-purcell.jpg
2025-06-04 14:43:58,096 - INFO - 
--- Processing 180/284 ---
2025-06-04 14:43:58,096 - INFO - Processing Sjeng Schalken (ID: 102854, Wikidata: Q469324)
2025-06-04 14:43:58,744 - INFO - Successfully downloaded: sjeng-schalken.jpg
2025-06-04 14:43:58,744 - INFO - [SUCCESS] Downloaded Sjeng Schalken -> sjeng-schalken.jpg
2025-06-04 14:43:59,745 - INFO - 
--- Processing 181/284 ---
2025-06-04 14:43:59,745 - INFO - Processing Balazs Taroczy (ID: 100332, Wikidata: Q370019)
2025-06-04 14:44:00,822 - INFO - Successfully downloaded: balazs-taroczy.jpg
2025-06-04 14:44:00,822 - INFO - [SUCCESS] Downloaded Balazs Taroczy -> balazs-taroczy.jpg
2025-06-04 14:44:01,822 - INFO - 
--- Processing 182/284 ---
2025-06-04 14:44:01,822 - INFO - Processing Mark Philippoussis (ID: 102882, Wikidata: Q310949)
2025-06-04 14:44:02,436 - INFO - Successfully downloaded: mark-philippoussis.jpg
2025-06-04 14:44:02,436 - INFO - [SUCCESS] Downloaded Mark Philippoussis -> mark-philippoussis.jpg
2025-06-04 14:44:03,437 - INFO - 
--- Processing 183/284 ---
2025-06-04 14:44:03,437 - INFO - Processing Alex Metreveli (ID: 100092, Wikidata: Q465796)
2025-06-04 14:44:03,957 - ERROR - Could not find image for Alex Metreveli (Q465796)
2025-06-04 14:44:04,958 - INFO - 
--- Processing 184/284 ---
2025-06-04 14:44:04,958 - INFO - Processing Grigor Dimitrov (ID: 105777, Wikidata: Q337681)
2025-06-04 14:44:06,140 - INFO - Successfully downloaded: grigor-dimitrov.jpg
2025-06-04 14:44:06,140 - INFO - [SUCCESS] Downloaded Grigor Dimitrov -> grigor-dimitrov.jpg
2025-06-04 14:44:07,141 - INFO - 
--- Processing 185/284 ---
2025-06-04 14:44:07,141 - INFO - Processing Alex De Minaur (ID: 200282, Wikidata: Q22958938)
2025-06-04 14:44:08,718 - INFO - Successfully downloaded: alex-de-minaur.jpg
2025-06-04 14:44:08,718 - INFO - [SUCCESS] Downloaded Alex De Minaur -> alex-de-minaur.jpg
2025-06-04 14:44:09,719 - INFO - 
--- Processing 186/284 ---
2025-06-04 14:44:09,719 - INFO - Processing Onny Parun (ID: 100135, Wikidata: Q939026)
2025-06-04 14:44:10,441 - INFO - Successfully downloaded: onny-parun.jpg
2025-06-04 14:44:10,441 - INFO - [SUCCESS] Downloaded Onny Parun -> onny-parun.jpg
2025-06-04 14:44:11,443 - INFO - 
--- Processing 187/284 ---
2025-06-04 14:44:11,443 - INFO - Processing Martin Jaite (ID: 101073, Wikidata: Q1348554)
2025-06-04 14:44:12,131 - ERROR - Could not find image for Martin Jaite (Q1348554)
2025-06-04 14:44:13,132 - INFO - 
--- Processing 188/284 ---
2025-06-04 14:44:13,132 - INFO - Processing Thiago Seyboth Wild (ID: 205734, Wikidata: Q50198692)
2025-06-04 14:44:13,959 - INFO - Successfully downloaded: thiago-seyboth-wild.jpg
2025-06-04 14:44:13,959 - INFO - [SUCCESS] Downloaded Thiago Seyboth Wild -> thiago-seyboth-wild.jpg
2025-06-04 14:44:14,960 - INFO - 
--- Processing 189/284 ---
2025-06-04 14:44:14,960 - INFO - Processing Hans Gildemeister (ID: 100417, Wikidata: Q630148)
2025-06-04 14:44:15,551 - INFO - Successfully downloaded: hans-gildemeister.jpg
2025-06-04 14:44:15,551 - INFO - [SUCCESS] Downloaded Hans Gildemeister -> hans-gildemeister.jpg
2025-06-04 14:44:16,552 - INFO - 
--- Processing 190/284 ---
2025-06-04 14:44:16,552 - INFO - Processing Guillermo Coria (ID: 103909, Wikidata: Q295478)
2025-06-04 14:44:17,303 - INFO - Successfully downloaded: guillermo-coria.jpg
2025-06-04 14:44:17,303 - INFO - [SUCCESS] Downloaded Guillermo Coria -> guillermo-coria.jpg
2025-06-04 14:44:18,304 - INFO - 
--- Processing 191/284 ---
2025-06-04 14:44:18,304 - INFO - Processing John Newcombe (ID: 100087, Wikidata: Q312464)
2025-06-04 14:44:19,666 - INFO - Successfully downloaded: john-newcombe.jpg
2025-06-04 14:44:19,666 - INFO - [SUCCESS] Downloaded John Newcombe -> john-newcombe.jpg
2025-06-04 14:44:20,667 - INFO - 
--- Processing 192/284 ---
2025-06-04 14:44:20,667 - INFO - Processing Tim Wilkison (ID: 100631, Wikidata: Q176303)
2025-06-04 14:44:21,366 - ERROR - Could not find image for Tim Wilkison (Q176303)
2025-06-04 14:44:22,368 - INFO - 
--- Processing 193/284 ---
2025-06-04 14:44:22,368 - INFO - Processing Jose Higueras (ID: 100300, Wikidata: Q1348847)
2025-06-04 14:44:23,007 - INFO - Successfully downloaded: jose-higueras.jpg
2025-06-04 14:44:23,007 - INFO - [SUCCESS] Downloaded Jose Higueras -> jose-higueras.jpg
2025-06-04 14:44:24,007 - INFO - 
--- Processing 194/284 ---
2025-06-04 14:44:24,007 - INFO - Processing Ivan Lendl (ID: 100656, Wikidata: Q182736)
2025-06-04 14:44:25,373 - INFO - Successfully downloaded: ivan-lendl.jpg
2025-06-04 14:44:25,373 - INFO - [SUCCESS] Downloaded Ivan Lendl -> ivan-lendl.jpg
2025-06-04 14:44:26,392 - INFO - 
--- Processing 195/284 ---
2025-06-04 14:44:26,392 - INFO - Processing Tom Gorman (ID: 100127, Wikidata: Q1258917)
2025-06-04 14:44:27,118 - ERROR - Could not find image for Tom Gorman (Q1258917)
2025-06-04 14:44:28,119 - INFO - 
--- Processing 196/284 ---
2025-06-04 14:44:28,119 - INFO - Processing John Isner (ID: 104545, Wikidata: Q53566)
2025-06-04 14:44:29,582 - INFO - Successfully downloaded: john-isner.jpg
2025-06-04 14:44:29,583 - INFO - [SUCCESS] Downloaded John Isner -> john-isner.jpg
2025-06-04 14:44:30,584 - INFO - 
--- Processing 197/284 ---
2025-06-04 14:44:30,584 - INFO - Processing Laslo Djere (ID: 111513, Wikidata: Q18098061)
2025-06-04 14:44:32,638 - INFO - Successfully downloaded: laslo-djere.jpg
2025-06-04 14:44:32,638 - INFO - [SUCCESS] Downloaded Laslo Djere -> laslo-djere.jpg
2025-06-04 14:44:33,638 - INFO - 
--- Processing 198/284 ---
2025-06-04 14:44:33,639 - INFO - Processing Aaron Krickstein (ID: 101381, Wikidata: Q302217)
2025-06-04 14:44:34,584 - INFO - Successfully downloaded: aaron-krickstein.jpg
2025-06-04 14:44:34,584 - INFO - [SUCCESS] Downloaded Aaron Krickstein -> aaron-krickstein.jpg
2025-06-04 14:44:35,585 - INFO - 
--- Processing 199/284 ---
2025-06-04 14:44:35,585 - INFO - Processing Marty Davis (ID: 100570, Wikidata: Q1428545)
2025-06-04 14:44:36,582 - ERROR - Could not find image for Marty Davis (Q1428545)
2025-06-04 14:44:37,583 - INFO - 
--- Processing 200/284 ---
2025-06-04 14:44:37,583 - INFO - Processing Dan Goldie (ID: 100967, Wikidata: Q280551)
2025-06-04 14:44:38,304 - ERROR - Could not find image for Dan Goldie (Q280551)
2025-06-04 14:44:39,305 - INFO - 
--- Processing 201/284 ---
2025-06-04 14:44:39,305 - INFO - Processing Tommy Haas (ID: 103163, Wikidata: Q53560)
2025-06-04 14:44:40,081 - INFO - Successfully downloaded: tommy-haas.jpg
2025-06-04 14:44:40,081 - INFO - [SUCCESS] Downloaded Tommy Haas -> tommy-haas.jpg
2025-06-04 14:44:41,081 - INFO - 
--- Processing 202/284 ---
2025-06-04 14:44:41,081 - INFO - Processing Juan Martin del Potro (ID: 105223, Wikidata: Q180535)
2025-06-04 14:44:41,871 - INFO - Successfully downloaded: juan-martin-del-potro.jpg
2025-06-04 14:44:41,871 - INFO - [SUCCESS] Downloaded Juan Martin del Potro -> juan-martin-del-potro.jpg
2025-06-04 14:44:42,873 - INFO - 
--- Processing 203/284 ---
2025-06-04 14:44:42,873 - INFO - Processing Juan Manuel Cerundolo (ID: 207678, Wikidata: Q105636111)
2025-06-04 14:44:43,672 - INFO - Successfully downloaded: juan-manuel-cerundolo.jpg
2025-06-04 14:44:43,672 - INFO - [SUCCESS] Downloaded Juan Manuel Cerundolo -> juan-manuel-cerundolo.jpg
2025-06-04 14:44:44,674 - INFO - 
--- Processing 204/284 ---
2025-06-04 14:44:44,674 - INFO - Processing Andres Gomez (ID: 100653, Wikidata: Q335350)
2025-06-04 14:44:45,905 - INFO - Successfully downloaded: andres-gomez.jpg
2025-06-04 14:44:45,905 - INFO - [SUCCESS] Downloaded Andres Gomez -> andres-gomez.jpg
2025-06-04 14:44:46,906 - INFO - 
--- Processing 205/284 ---
2025-06-04 14:44:46,906 - INFO - Processing Alberto Martin (ID: 103252, Wikidata: Q457047)
2025-06-04 14:44:48,612 - INFO - Successfully downloaded: alberto-martin.jpg
2025-06-04 14:44:48,612 - INFO - [SUCCESS] Downloaded Alberto Martin -> alberto-martin.jpg
2025-06-04 14:44:49,613 - INFO - 
--- Processing 206/284 ---
2025-06-04 14:44:49,613 - INFO - Processing Martin Klizan (ID: 105373, Wikidata: Q19399)
2025-06-04 14:44:51,323 - INFO - Successfully downloaded: martin-klizan.jpg
2025-06-04 14:44:51,324 - INFO - [SUCCESS] Downloaded Martin Klizan -> martin-klizan.jpg
2025-06-04 14:44:52,325 - INFO - 
--- Processing 207/284 ---
2025-06-04 14:44:52,325 - INFO - Processing Eliot Teltscher (ID: 100586, Wikidata: Q1762775)
2025-06-04 14:44:53,931 - ERROR - Could not find image for Eliot Teltscher (Q1762775)
2025-06-04 14:44:54,932 - INFO - 
--- Processing 208/284 ---
2025-06-04 14:44:54,932 - INFO - Processing Jimmy Arias (ID: 101061, Wikidata: Q681419)
2025-06-04 14:44:55,738 - INFO - Successfully downloaded: jimmy-arias.jpg
2025-06-04 14:44:55,738 - INFO - [SUCCESS] Downloaded Jimmy Arias -> jimmy-arias.jpg
2025-06-04 14:44:56,740 - INFO - 
--- Processing 209/284 ---
2025-06-04 14:44:56,740 - INFO - Processing Florent Serra (ID: 103722, Wikidata: Q315961)
2025-06-04 14:44:57,520 - INFO - Successfully downloaded: florent-serra.jpg
2025-06-04 14:44:57,520 - INFO - [SUCCESS] Downloaded Florent Serra -> florent-serra.jpg
2025-06-04 14:44:58,521 - INFO - 
--- Processing 210/284 ---
2025-06-04 14:44:58,521 - INFO - Processing Albert Montanes (ID: 103656, Wikidata: Q299374)
2025-06-04 14:44:59,478 - INFO - Successfully downloaded: albert-montanes.jpg
2025-06-04 14:44:59,478 - INFO - [SUCCESS] Downloaded Albert Montanes -> albert-montanes.jpg
2025-06-04 14:45:00,479 - INFO - 
--- Processing 211/284 ---
2025-06-04 14:45:00,479 - INFO - Processing Yevgeny Kafelnikov (ID: 102338, Wikidata: Q207705)
2025-06-04 14:45:01,940 - INFO - Successfully downloaded: yevgeny-kafelnikov.jpg
2025-06-04 14:45:01,940 - INFO - [SUCCESS] Downloaded Yevgeny Kafelnikov -> yevgeny-kafelnikov.jpg
2025-06-04 14:45:02,941 - INFO - 
--- Processing 212/284 ---
2025-06-04 14:45:02,941 - INFO - Processing Magnus Gustafsson (ID: 101320, Wikidata: Q737996)
2025-06-04 14:45:03,533 - ERROR - Could not find image for Magnus Gustafsson (Q737996)
2025-06-04 14:45:04,534 - INFO - 
--- Processing 213/284 ---
2025-06-04 14:45:04,534 - INFO - Processing Roberto Bautista Agut (ID: 105138, Wikidata: Q966542)
2025-06-04 14:45:05,931 - INFO - Successfully downloaded: roberto-bautista-agut.jpg
2025-06-04 14:45:05,931 - INFO - [SUCCESS] Downloaded Roberto Bautista Agut -> roberto-bautista-agut.jpg
2025-06-04 14:45:06,932 - INFO - 
--- Processing 214/284 ---
2025-06-04 14:45:06,932 - INFO - Processing Damir Dzumhur (ID: 106000, Wikidata: Q1158544)
2025-06-04 14:45:11,478 - INFO - Successfully downloaded: damir-dzumhur.jpg
2025-06-04 14:45:11,478 - INFO - [SUCCESS] Downloaded Damir Dzumhur -> damir-dzumhur.jpg
2025-06-04 14:45:12,479 - INFO - 
--- Processing 215/284 ---
2025-06-04 14:45:12,479 - INFO - Processing Dmitry Tursunov (ID: 104098, Wikidata: Q310376)
2025-06-04 14:45:14,035 - INFO - Successfully downloaded: dmitry-tursunov.jpg
2025-06-04 14:45:14,035 - INFO - [SUCCESS] Downloaded Dmitry Tursunov -> dmitry-tursunov.jpg
2025-06-04 14:45:15,035 - INFO - 
--- Processing 216/284 ---
2025-06-04 14:45:15,036 - INFO - Processing Daniel Evans (ID: 105554, Wikidata: Q4847264)
2025-06-04 14:45:16,480 - INFO - Successfully downloaded: daniel-evans.jpg
2025-06-04 14:45:16,480 - INFO - [SUCCESS] Downloaded Daniel Evans -> daniel-evans.jpg
2025-06-04 14:45:17,481 - INFO - 
--- Processing 217/284 ---
2025-06-04 14:45:17,482 - INFO - Processing Henrik Sundstrom (ID: 101013, Wikidata: Q775766)
2025-06-04 14:45:18,429 - INFO - Successfully downloaded: henrik-sundstrom.jpg
2025-06-04 14:45:18,429 - INFO - [SUCCESS] Downloaded Henrik Sundstrom -> henrik-sundstrom.jpg
2025-06-04 14:45:19,430 - INFO - 
--- Processing 218/284 ---
2025-06-04 14:45:19,430 - INFO - Processing Taylor Dent (ID: 103758, Wikidata: Q53407)
2025-06-04 14:45:20,070 - INFO - Successfully downloaded: taylor-dent.jpg
2025-06-04 14:45:20,070 - INFO - [SUCCESS] Downloaded Taylor Dent -> taylor-dent.jpg
2025-06-04 14:45:21,070 - INFO - 
--- Processing 219/284 ---
2025-06-04 14:45:21,070 - INFO - Processing Brandon Nakashima (ID: 206909, Wikidata: Q60676610)
2025-06-04 14:45:22,517 - INFO - Successfully downloaded: brandon-nakashima.jpg
2025-06-04 14:45:22,517 - INFO - [SUCCESS] Downloaded Brandon Nakashima -> brandon-nakashima.jpg
2025-06-04 14:45:23,518 - INFO - 
--- Processing 220/284 ---
2025-06-04 14:45:23,518 - INFO - Processing Bill Scanlon (ID: 100452, Wikidata: Q2760380)
2025-06-04 14:45:24,235 - ERROR - Could not find image for Bill Scanlon (Q2760380)
2025-06-04 14:45:25,236 - INFO - 
--- Processing 221/284 ---
2025-06-04 14:45:25,236 - INFO - Processing Lorenzo Musetti (ID: 207518, Wikidata: Q54813043)
2025-06-04 14:45:26,331 - INFO - Successfully downloaded: lorenzo-musetti.jpg
2025-06-04 14:45:26,331 - INFO - [SUCCESS] Downloaded Lorenzo Musetti -> lorenzo-musetti.jpg
2025-06-04 14:45:27,332 - INFO - 
--- Processing 222/284 ---
2025-06-04 14:45:27,332 - INFO - Processing Cedric Pioline (ID: 101611, Wikidata: Q162487)
2025-06-04 14:45:28,211 - INFO - Successfully downloaded: cedric-pioline.jpg
2025-06-04 14:45:28,211 - INFO - [SUCCESS] Downloaded Cedric Pioline -> cedric-pioline.jpg
2025-06-04 14:45:29,212 - INFO - 
--- Processing 223/284 ---
2025-06-04 14:45:29,212 - INFO - Processing Eddie Dibbs (ID: 100232, Wikidata: Q1282765)
2025-06-04 14:45:30,037 - INFO - Successfully downloaded: eddie-dibbs.jpg
2025-06-04 14:45:30,038 - INFO - [SUCCESS] Downloaded Eddie Dibbs -> eddie-dibbs.jpg
2025-06-04 14:45:31,038 - INFO - 
--- Processing 224/284 ---
2025-06-04 14:45:31,038 - INFO - Processing Kei Nishikori (ID: 105453, Wikidata: Q311222)
2025-06-04 14:45:33,857 - INFO - Successfully downloaded: kei-nishikori.jpg
2025-06-04 14:45:33,857 - INFO - [SUCCESS] Downloaded Kei Nishikori -> kei-nishikori.jpg
2025-06-04 14:45:34,857 - INFO - 
--- Processing 225/284 ---
2025-06-04 14:45:34,857 - INFO - Processing Diego Schwartzman (ID: 106043, Wikidata: Q5274812)
2025-06-04 14:45:36,085 - INFO - Successfully downloaded: diego-schwartzman.jpg
2025-06-04 14:45:36,085 - INFO - [SUCCESS] Downloaded Diego Schwartzman -> diego-schwartzman.jpg
2025-06-04 14:45:37,086 - INFO - 
--- Processing 226/284 ---
2025-06-04 14:45:37,086 - INFO - Processing Cameron Norrie (ID: 111815, Wikidata: Q23668736)
2025-06-04 14:45:38,624 - INFO - Successfully downloaded: cameron-norrie.jpg
2025-06-04 14:45:38,624 - INFO - [SUCCESS] Downloaded Cameron Norrie -> cameron-norrie.jpg
2025-06-04 14:45:39,625 - INFO - 
--- Processing 227/284 ---
2025-06-04 14:45:39,625 - INFO - Processing Roger Federer (ID: 103819, Wikidata: Q1426)
2025-06-04 14:45:41,724 - INFO - Successfully downloaded: roger-federer.jpg
2025-06-04 14:45:41,725 - INFO - [SUCCESS] Downloaded Roger Federer -> roger-federer.jpg
2025-06-04 14:45:42,725 - INFO - 
--- Processing 228/284 ---
2025-06-04 14:45:42,725 - INFO - Processing Sergi Bruguera (ID: 101843, Wikidata: Q311177)
2025-06-04 14:45:43,539 - ERROR - Could not find image for Sergi Bruguera (Q311177)
2025-06-04 14:45:44,540 - INFO - 
--- Processing 229/284 ---
2025-06-04 14:45:44,540 - INFO - Processing Andreas Seppi (ID: 104312, Wikidata: Q319572)
2025-06-04 14:45:46,079 - INFO - Successfully downloaded: andreas-seppi.jpg
2025-06-04 14:45:46,079 - INFO - [SUCCESS] Downloaded Andreas Seppi -> andreas-seppi.jpg
2025-06-04 14:45:47,080 - INFO - 
--- Processing 230/284 ---
2025-06-04 14:45:47,080 - INFO - Processing Horst Skoff (ID: 101511, Wikidata: Q701084)
2025-06-04 14:45:47,780 - ERROR - Could not find image for Horst Skoff (Q701084)
2025-06-04 14:45:48,780 - INFO - 
--- Processing 231/284 ---
2025-06-04 14:45:48,780 - INFO - Processing Robin Soderling (ID: 104417, Wikidata: Q192801)
2025-06-04 14:45:50,131 - INFO - Successfully downloaded: robin-soderling.jpg
2025-06-04 14:45:50,132 - INFO - [SUCCESS] Downloaded Robin Soderling -> robin-soderling.jpg
2025-06-04 14:45:51,132 - INFO - 
--- Processing 232/284 ---
2025-06-04 14:45:51,132 - INFO - Processing Harold Solomon (ID: 100286, Wikidata: Q1585949)
2025-06-04 14:45:51,892 - ERROR - Could not find image for Harold Solomon (Q1585949)
2025-06-04 14:45:52,894 - INFO - 
--- Processing 233/284 ---
2025-06-04 14:45:52,895 - INFO - Processing Alex Corretja (ID: 102374, Wikidata: Q46308)
2025-06-04 14:45:53,631 - INFO - Successfully downloaded: alex-corretja.jpg
2025-06-04 14:45:53,631 - INFO - [SUCCESS] Downloaded Alex Corretja -> alex-corretja.jpg
2025-06-04 14:45:54,631 - INFO - 
--- Processing 234/284 ---
2025-06-04 14:45:54,631 - INFO - Processing Mario Ancic (ID: 104339, Wikidata: Q295811)
2025-06-04 14:45:55,217 - INFO - Successfully downloaded: mario-ancic.jpg
2025-06-04 14:45:55,217 - INFO - [SUCCESS] Downloaded Mario Ancic -> mario-ancic.jpg
2025-06-04 14:45:56,218 - INFO - 
--- Processing 235/284 ---
2025-06-04 14:45:56,218 - INFO - Processing Novak Djokovic (ID: 104925, Wikidata: Q5812)
2025-06-04 14:45:58,709 - INFO - Successfully downloaded: novak-djokovic.jpg
2025-06-04 14:45:58,709 - INFO - [SUCCESS] Downloaded Novak Djokovic -> novak-djokovic.jpg
2025-06-04 14:45:59,710 - INFO - 
--- Processing 236/284 ---
2025-06-04 14:45:59,710 - INFO - Processing Gustavo Kuerten (ID: 102856, Wikidata: Q190723)
2025-06-04 14:46:01,095 - INFO - Successfully downloaded: gustavo-kuerten.jpg
2025-06-04 14:46:01,095 - INFO - [SUCCESS] Downloaded Gustavo Kuerten -> gustavo-kuerten.jpg
2025-06-04 14:46:02,096 - INFO - 
--- Processing 237/284 ---
2025-06-04 14:46:02,096 - INFO - Processing Carlos Alcaraz (ID: 207989, Wikidata: Q85518537)
2025-06-04 14:46:03,010 - INFO - Successfully downloaded: carlos-alcaraz.jpg
2025-06-04 14:46:03,010 - INFO - [SUCCESS] Downloaded Carlos Alcaraz -> carlos-alcaraz.jpg
2025-06-04 14:46:04,011 - INFO - 
--- Processing 238/284 ---
2025-06-04 14:46:04,011 - INFO - Processing Fernando Verdasco (ID: 104269, Wikidata: Q191740)
2025-06-04 14:46:05,209 - INFO - Successfully downloaded: fernando-verdasco.jpg
2025-06-04 14:46:05,209 - INFO - [SUCCESS] Downloaded Fernando Verdasco -> fernando-verdasco.jpg
2025-06-04 14:46:06,209 - INFO - 
--- Processing 239/284 ---
2025-06-04 14:46:06,209 - INFO - Processing Igor Andreev (ID: 104214, Wikidata: Q296183)
2025-06-04 14:46:07,132 - INFO - Successfully downloaded: igor-andreev.jpg
2025-06-04 14:46:07,132 - INFO - [SUCCESS] Downloaded Igor Andreev -> igor-andreev.jpg
2025-06-04 14:46:08,133 - INFO - 
--- Processing 240/284 ---
2025-06-04 14:46:08,133 - INFO - Processing Tomas Smid (ID: 100434, Wikidata: Q957327)
2025-06-04 14:46:08,935 - ERROR - Could not find image for Tomas Smid (Q957327)
2025-06-04 14:46:09,936 - INFO - 
--- Processing 241/284 ---
2025-06-04 14:46:09,936 - INFO - Processing Todd Martin (ID: 101774, Wikidata: Q54536)
2025-06-04 14:46:10,464 - INFO - Successfully downloaded: todd-martin.jpg
2025-06-04 14:46:10,464 - INFO - [SUCCESS] Downloaded Todd Martin -> todd-martin.jpg
2025-06-04 14:46:11,465 - INFO - 
--- Processing 242/284 ---
2025-06-04 14:46:11,465 - INFO - Processing Arnaud Boetsch (ID: 101589, Wikidata: Q691217)
2025-06-04 14:46:12,415 - INFO - Successfully downloaded: arnaud-boetsch.jpg
2025-06-04 14:46:12,416 - INFO - [SUCCESS] Downloaded Arnaud Boetsch -> arnaud-boetsch.jpg
2025-06-04 14:46:13,416 - INFO - 
--- Processing 243/284 ---
2025-06-04 14:46:13,416 - INFO - Processing Tommy Robredo (ID: 103990, Wikidata: Q213199)
2025-06-04 14:46:14,947 - INFO - Successfully downloaded: tommy-robredo.jpg
2025-06-04 14:46:14,947 - INFO - [SUCCESS] Downloaded Tommy Robredo -> tommy-robredo.jpg
2025-06-04 14:46:15,948 - INFO - 
--- Processing 244/284 ---
2025-06-04 14:46:15,948 - INFO - Processing Gael Monfils (ID: 104792, Wikidata: Q186429)
2025-06-04 14:46:17,569 - INFO - Successfully downloaded: gael-monfils.jpg
2025-06-04 14:46:17,569 - INFO - [SUCCESS] Downloaded Gael Monfils -> gael-monfils.jpg
2025-06-04 14:46:18,570 - INFO - 
--- Processing 245/284 ---
2025-06-04 14:46:18,570 - INFO - Processing Benoit Paire (ID: 105332, Wikidata: Q246542)
2025-06-04 14:46:19,763 - INFO - Successfully downloaded: benoit-paire.jpg
2025-06-04 14:46:19,763 - INFO - [SUCCESS] Downloaded Benoit Paire -> benoit-paire.jpg
2025-06-04 14:46:20,764 - INFO - 
--- Processing 246/284 ---
2025-06-04 14:46:20,764 - INFO - Processing Tim Mayotte (ID: 100689, Wikidata: Q961974)
2025-06-04 14:46:23,145 - INFO - Successfully downloaded: tim-mayotte.jpg
2025-06-04 14:46:23,145 - INFO - [SUCCESS] Downloaded Tim Mayotte -> tim-mayotte.jpg
2025-06-04 14:46:24,146 - INFO - 
--- Processing 247/284 ---
2025-06-04 14:46:24,146 - INFO - Processing Tom Okker (ID: 100084, Wikidata: Q455411)
2025-06-04 14:46:25,608 - INFO - Successfully downloaded: tom-okker.jpg
2025-06-04 14:46:25,608 - INFO - [SUCCESS] Downloaded Tom Okker -> tom-okker.jpg
2025-06-04 14:46:26,608 - INFO - 
--- Processing 248/284 ---
2025-06-04 14:46:26,608 - INFO - Processing Andrey Rublev (ID: 126094, Wikidata: Q17373391)
2025-06-04 14:46:27,419 - INFO - Successfully downloaded: andrey-rublev.jpg
2025-06-04 14:46:27,419 - INFO - [SUCCESS] Downloaded Andrey Rublev -> andrey-rublev.jpg
2025-06-04 14:46:28,420 - INFO - 
--- Processing 249/284 ---
2025-06-04 14:46:28,420 - INFO - Processing Petr Korda (ID: 101434, Wikidata: Q312717)
2025-06-04 14:46:29,549 - INFO - Successfully downloaded: petr-korda.jpg
2025-06-04 14:46:29,549 - INFO - [SUCCESS] Downloaded Petr Korda -> petr-korda.jpg
2025-06-04 14:46:30,550 - INFO - 
--- Processing 250/284 ---
2025-06-04 14:46:30,550 - INFO - Processing Juan Ignacio Chela (ID: 103428, Wikidata: Q299377)
2025-06-04 14:46:31,937 - INFO - Successfully downloaded: juan-ignacio-chela.jpg
2025-06-04 14:46:31,937 - INFO - [SUCCESS] Downloaded Juan Ignacio Chela -> juan-ignacio-chela.jpg
2025-06-04 14:46:32,939 - INFO - 
--- Processing 251/284 ---
2025-06-04 14:46:32,939 - INFO - Processing Mats Wilander (ID: 101062, Wikidata: Q16475)
2025-06-04 14:46:34,642 - INFO - Successfully downloaded: mats-wilander.jpg
2025-06-04 14:46:34,642 - INFO - [SUCCESS] Downloaded Mats Wilander -> mats-wilander.jpg
2025-06-04 14:46:35,643 - INFO - 
--- Processing 252/284 ---
2025-06-04 14:46:35,643 - INFO - Processing Thierry Tulasne (ID: 100942, Wikidata: Q1372124)
2025-06-04 14:46:36,244 - ERROR - Could not find image for Thierry Tulasne (Q1372124)
2025-06-04 14:46:37,245 - INFO - 
--- Processing 253/284 ---
2025-06-04 14:46:37,245 - INFO - Processing Radek Stepanek (ID: 103285, Wikidata: Q309395)
2025-06-04 14:46:38,668 - INFO - Successfully downloaded: radek-stepanek.jpg
2025-06-04 14:46:38,668 - INFO - [SUCCESS] Downloaded Radek Stepanek -> radek-stepanek.jpg
2025-06-04 14:46:39,669 - INFO - 
--- Processing 254/284 ---
2025-06-04 14:46:39,669 - INFO - Processing Fabrice Santoro (ID: 102148, Wikidata: Q312726)
2025-06-04 14:46:41,168 - INFO - Successfully downloaded: fabrice-santoro.jpg
2025-06-04 14:46:41,168 - INFO - [SUCCESS] Downloaded Fabrice Santoro -> fabrice-santoro.jpg
2025-06-04 14:46:42,169 - INFO - 
--- Processing 255/284 ---
2025-06-04 14:46:42,169 - INFO - Processing Arthur Ashe (ID: 100074, Wikidata: Q53325)
2025-06-04 14:46:43,008 - INFO - Successfully downloaded: arthur-ashe.jpg
2025-06-04 14:46:43,010 - INFO - [SUCCESS] Downloaded Arthur Ashe -> arthur-ashe.jpg
2025-06-04 14:46:44,010 - INFO - 
--- Processing 256/284 ---
2025-06-04 14:46:44,010 - INFO - Processing Robert Lutz (ID: 100144, Wikidata: Q888085)
2025-06-04 14:46:45,597 - ERROR - Could not find image for Robert Lutz (Q888085)
2025-06-04 14:46:46,598 - INFO - 
--- Processing 257/284 ---
2025-06-04 14:46:46,598 - INFO - Processing Philipp Kohlschreiber (ID: 104259, Wikidata: Q77149)
2025-06-04 14:46:47,366 - INFO - Successfully downloaded: philipp-kohlschreiber.jpg
2025-06-04 14:46:47,366 - INFO - [SUCCESS] Downloaded Philipp Kohlschreiber -> philipp-kohlschreiber.jpg
2025-06-04 14:46:48,367 - INFO - 
--- Processing 258/284 ---
2025-06-04 14:46:48,367 - INFO - Processing Carlos Costa (ID: 101475, Wikidata: Q1042838)
2025-06-04 14:46:49,039 - ERROR - Could not find image for Carlos Costa (Q1042838)
2025-06-04 14:46:50,041 - INFO - 
--- Processing 259/284 ---
2025-06-04 14:46:50,041 - INFO - Processing Jerome Golmard (ID: 102259, Wikidata: Q974246)
2025-06-04 14:46:50,861 - INFO - Successfully downloaded: jerome-golmard.jpg
2025-06-04 14:46:50,861 - INFO - [SUCCESS] Downloaded Jerome Golmard -> jerome-golmard.jpg
2025-06-04 14:46:51,862 - INFO - 
--- Processing 260/284 ---
2025-06-04 14:46:51,862 - INFO - Processing Jordi Arrese (ID: 101063, Wikidata: Q709902)
2025-06-04 14:46:52,472 - ERROR - Could not find image for Jordi Arrese (Q709902)
2025-06-04 14:46:53,473 - INFO - 
--- Processing 261/284 ---
2025-06-04 14:46:53,473 - INFO - Processing Dominik Hrbaty (ID: 103103, Wikidata: Q314767)
2025-06-04 14:46:54,426 - INFO - Successfully downloaded: dominik-hrbaty.jpg
2025-06-04 14:46:54,426 - INFO - [SUCCESS] Downloaded Dominik Hrbaty -> dominik-hrbaty.jpg
2025-06-04 14:46:55,427 - INFO - 
--- Processing 262/284 ---
2025-06-04 14:46:55,427 - INFO - Processing Joachim Johansson (ID: 104026, Wikidata: Q353293)
2025-06-04 14:46:56,198 - INFO - Successfully downloaded: joachim-johansson.jpg
2025-06-04 14:46:56,198 - INFO - [SUCCESS] Downloaded Joachim Johansson -> joachim-johansson.jpg
2025-06-04 14:46:57,199 - INFO - 
--- Processing 263/284 ---
2025-06-04 14:46:57,199 - INFO - Processing Paul Henri Mathieu (ID: 103908, Wikidata: Q310349)
2025-06-04 14:46:59,095 - INFO - Successfully downloaded: paul-henri-mathieu.jpg
2025-06-04 14:46:59,095 - INFO - [SUCCESS] Downloaded Paul Henri Mathieu -> paul-henri-mathieu.jpg
2025-06-04 14:47:00,096 - INFO - 
--- Processing 264/284 ---
2025-06-04 14:47:00,096 - INFO - Processing Nicolas Almagro (ID: 104597, Wikidata: Q244983)
2025-06-04 14:47:04,052 - INFO - Successfully downloaded: nicolas-almagro.jpg
2025-06-04 14:47:04,052 - INFO - [SUCCESS] Downloaded Nicolas Almagro -> nicolas-almagro.jpg
2025-06-04 14:47:05,053 - INFO - 
--- Processing 265/284 ---
2025-06-04 14:47:05,053 - INFO - Processing David Ferrer (ID: 103970, Wikidata: Q191476)
2025-06-04 14:47:07,585 - INFO - Successfully downloaded: david-ferrer.jpg
2025-06-04 14:47:07,585 - INFO - [SUCCESS] Downloaded David Ferrer -> david-ferrer.jpg
2025-06-04 14:47:08,586 - INFO - 
--- Processing 266/284 ---
2025-06-04 14:47:08,586 - INFO - Processing Dominic Thiem (ID: 106233, Wikidata: Q88762)
2025-06-04 14:47:11,131 - INFO - Successfully downloaded: dominic-thiem.jpg
2025-06-04 14:47:11,132 - INFO - [SUCCESS] Downloaded Dominic Thiem -> dominic-thiem.jpg
2025-06-04 14:47:12,132 - INFO - 
--- Processing 267/284 ---
2025-06-04 14:47:12,132 - INFO - Processing Feliciano Lopez (ID: 103852, Wikidata: Q223695)
2025-06-04 14:47:13,332 - INFO - Successfully downloaded: feliciano-lopez.jpg
2025-06-04 14:47:13,332 - INFO - [SUCCESS] Downloaded Feliciano Lopez -> feliciano-lopez.jpg
2025-06-04 14:47:14,333 - INFO - 
--- Processing 268/284 ---
2025-06-04 14:47:14,333 - INFO - Processing Taylor Fritz (ID: 126203, Wikidata: Q17660516)
2025-06-04 14:47:16,590 - INFO - Successfully downloaded: taylor-fritz.jpg
2025-06-04 14:47:16,590 - INFO - [SUCCESS] Downloaded Taylor Fritz -> taylor-fritz.jpg
2025-06-04 14:47:17,591 - INFO - 
--- Processing 269/284 ---
2025-06-04 14:47:17,591 - INFO - Processing Casper Ruud (ID: 134770, Wikidata: Q18810082)
2025-06-04 14:47:18,711 - INFO - Successfully downloaded: casper-ruud.jpg
2025-06-04 14:47:18,711 - INFO - [SUCCESS] Downloaded Casper Ruud -> casper-ruud.jpg
2025-06-04 14:47:19,712 - INFO - 
--- Processing 270/284 ---
2025-06-04 14:47:19,713 - INFO - Processing Sandy Mayer (ID: 100272, Wikidata: Q2096054)
2025-06-04 14:47:20,557 - ERROR - Could not find image for Sandy Mayer (Q2096054)
2025-06-04 14:47:21,558 - INFO - 
--- Processing 271/284 ---
2025-06-04 14:47:21,558 - INFO - Processing James Blake (ID: 103484, Wikidata: Q53333)
2025-06-04 14:47:22,278 - INFO - Successfully downloaded: james-blake.jpg
2025-06-04 14:47:22,278 - INFO - [SUCCESS] Downloaded James Blake -> james-blake.jpg
2025-06-04 14:47:23,279 - INFO - 
--- Processing 272/284 ---
2025-06-04 14:47:23,279 - INFO - Processing Arnaud Clement (ID: 103096, Wikidata: Q299944)
2025-06-04 14:47:24,991 - INFO - Successfully downloaded: arnaud-clement.jpg
2025-06-04 14:47:24,991 - INFO - [SUCCESS] Downloaded Arnaud Clement -> arnaud-clement.jpg
2025-06-04 14:47:25,992 - INFO - 
--- Processing 273/284 ---
2025-06-04 14:47:25,992 - INFO - Processing Fernando Vicente (ID: 102950, Wikidata: Q716863)
2025-06-04 14:47:26,839 - ERROR - Could not find image for Fernando Vicente (Q716863)
2025-06-04 14:47:27,840 - INFO - 
--- Processing 274/284 ---
2025-06-04 14:47:27,840 - INFO - Processing Hubert Hurkacz (ID: 128034, Wikidata: Q18927958)
2025-06-04 14:47:29,865 - INFO - Successfully downloaded: hubert-hurkacz.jpg
2025-06-04 14:47:29,865 - INFO - [SUCCESS] Downloaded Hubert Hurkacz -> hubert-hurkacz.jpg
2025-06-04 14:47:30,867 - INFO - 
--- Processing 275/284 ---
2025-06-04 14:47:30,867 - INFO - Processing Rod Laver (ID: 100029, Wikidata: Q105550)
2025-06-04 14:47:31,663 - INFO - Successfully downloaded: rod-laver.jpg
2025-06-04 14:47:31,663 - INFO - [SUCCESS] Downloaded Rod Laver -> rod-laver.jpg
2025-06-04 14:47:32,664 - INFO - 
--- Processing 276/284 ---
2025-06-04 14:47:32,664 - INFO - Processing Anders Jarryd (ID: 100757, Wikidata: Q455136)
2025-06-04 14:47:33,699 - INFO - Successfully downloaded: anders-jarryd.jpg
2025-06-04 14:47:33,699 - INFO - [SUCCESS] Downloaded Anders Jarryd -> anders-jarryd.jpg
2025-06-04 14:47:34,700 - INFO - 
--- Processing 277/284 ---
2025-06-04 14:47:34,700 - INFO - Processing Ugo Humbert (ID: 200005, Wikidata: Q54007306)
2025-06-04 14:47:36,404 - INFO - Successfully downloaded: ugo-humbert.jpg
2025-06-04 14:47:36,404 - INFO - [SUCCESS] Downloaded Ugo Humbert -> ugo-humbert.jpg
2025-06-04 14:47:37,405 - INFO - 
--- Processing 278/284 ---
2025-06-04 14:47:37,405 - INFO - Processing Sergiy Stakhovsky (ID: 104660, Wikidata: Q211636)
2025-06-04 14:47:38,873 - INFO - Successfully downloaded: sergiy-stakhovsky.jpg
2025-06-04 14:47:38,873 - INFO - [SUCCESS] Downloaded Sergiy Stakhovsky -> sergiy-stakhovsky.jpg
2025-06-04 14:47:39,874 - INFO - 
--- Processing 279/284 ---
2025-06-04 14:47:39,874 - INFO - Processing Luiz Mattar (ID: 100954, Wikidata: Q1876821)
2025-06-04 14:47:41,072 - ERROR - Could not find image for Luiz Mattar (Q1876821)
2025-06-04 14:47:42,073 - INFO - 
--- Processing 280/284 ---
2025-06-04 14:47:42,073 - INFO - Processing Adriano Panatta (ID: 100214, Wikidata: Q375938)
2025-06-04 14:47:43,035 - INFO - Successfully downloaded: adriano-panatta.jpg
2025-06-04 14:47:43,035 - INFO - [SUCCESS] Downloaded Adriano Panatta -> adriano-panatta.jpg
2025-06-04 14:47:44,036 - INFO - 
--- Processing 281/284 ---
2025-06-04 14:47:44,036 - INFO - Processing Ernests Gulbis (ID: 105208, Wikidata: Q295866)
2025-06-04 14:47:45,064 - INFO - Successfully downloaded: ernests-gulbis.jpg
2025-06-04 14:47:45,064 - INFO - [SUCCESS] Downloaded Ernests Gulbis -> ernests-gulbis.jpg
2025-06-04 14:47:46,065 - INFO - 
--- Processing 282/284 ---
2025-06-04 14:47:46,065 - INFO - Processing Yannick Noah (ID: 100676, Wikidata: Q221908)
2025-06-04 14:47:46,849 - INFO - Successfully downloaded: yannick-noah.jpg
2025-06-04 14:47:46,849 - INFO - [SUCCESS] Downloaded Yannick Noah -> yannick-noah.jpg
2025-06-04 14:47:47,849 - INFO - 
--- Processing 283/284 ---
2025-06-04 14:47:47,849 - INFO - Processing Roger Taylor (ID: 100058, Wikidata: Q1282421)
2025-06-04 14:47:48,854 - INFO - Successfully downloaded: roger-taylor.jpg
2025-06-04 14:47:48,854 - INFO - [SUCCESS] Downloaded Roger Taylor -> roger-taylor.jpg
2025-06-04 14:47:49,856 - INFO - 
--- Processing 284/284 ---
2025-06-04 14:47:49,856 - INFO - Processing Javier Sanchez (ID: 101439, Wikidata: Q935218)
2025-06-04 14:47:50,713 - ERROR - Could not find image for Javier Sanchez (Q935218)
2025-06-04 14:47:51,713 - INFO - 
=== DOWNLOAD COMPLETE ===
2025-06-04 14:47:51,713 - INFO - Successful: 229
2025-06-04 14:47:51,713 - INFO - Failed: 55
2025-06-04 14:47:51,713 - INFO - Skipped (already existed): 0
2025-06-04 14:47:51,713 - INFO - Total: 284
